2016-08-31 05:11:29 Error: [MissingControllerException] Controller class PostsController could not be found.
Exception Attributes: array (
  'class' => 'PostsController',
  'plugin' => NULL,
)
Request URL: /cakephp/posts/
Stack Trace:
#0 /opt/lampp/htdocs/cakephp/app/webroot/index.php(110): Dispatcher->dispatch(Object(CakeRequest), Object(CakeResponse))
#1 {main}
2016-08-31 05:11:34 Error: [MissingControllerException] Controller class PostsController could not be found.
Exception Attributes: array (
  'class' => 'PostsController',
  'plugin' => NULL,
)
Request URL: /cakephp/posts/index.ctp
Stack Trace:
#0 /opt/lampp/htdocs/cakephp/app/webroot/index.php(110): Dispatcher->dispatch(Object(CakeRequest), Object(CakeResponse))
#1 {main}
2016-08-31 05:12:12 Error: [MissingControllerException] Controller class PostsController could not be found.
Exception Attributes: array (
  'class' => 'PostsController',
  'plugin' => NULL,
)
Request URL: /cakephp/posts/index.ctp
Stack Trace:
#0 /opt/lampp/htdocs/cakephp/app/webroot/index.php(110): Dispatcher->dispatch(Object(CakeRequest), Object(CakeResponse))
#1 {main}
2016-08-31 05:13:46 Error: [MissingControllerException] Controller class PostsController could not be found.
Exception Attributes: array (
  'class' => 'PostsController',
  'plugin' => NULL,
)
Request URL: /cakephp/posts/index.ctp
Stack Trace:
#0 /opt/lampp/htdocs/cakephp/app/webroot/index.php(110): Dispatcher->dispatch(Object(CakeRequest), Object(CakeResponse))
#1 {main}
2016-08-31 05:13:46 Error: [MissingControllerException] Controller class PostsController could not be found.
Exception Attributes: array (
  'class' => 'PostsController',
  'plugin' => NULL,
)
Request URL: /cakephp/posts/index.ctp
Stack Trace:
#0 /opt/lampp/htdocs/cakephp/app/webroot/index.php(110): Dispatcher->dispatch(Object(CakeRequest), Object(CakeResponse))
#1 {main}
2016-08-31 05:13:47 Error: [MissingControllerException] Controller class PostsController could not be found.
Exception Attributes: array (
  'class' => 'PostsController',
  'plugin' => NULL,
)
Request URL: /cakephp/posts/index.ctp
Stack Trace:
#0 /opt/lampp/htdocs/cakephp/app/webroot/index.php(110): Dispatcher->dispatch(Object(CakeRequest), Object(CakeResponse))
#1 {main}
2016-08-31 05:13:47 Error: [MissingControllerException] Controller class PostsController could not be found.
Exception Attributes: array (
  'class' => 'PostsController',
  'plugin' => NULL,
)
Request URL: /cakephp/posts/index.ctp
Stack Trace:
#0 /opt/lampp/htdocs/cakephp/app/webroot/index.php(110): Dispatcher->dispatch(Object(CakeRequest), Object(CakeResponse))
#1 {main}
2016-08-31 05:14:09 Error: [MissingControllerException] Controller class PostsController could not be found.
Exception Attributes: array (
  'class' => 'PostsController',
  'plugin' => NULL,
)
Request URL: /cakephp/posts/index.ctp
Stack Trace:
#0 /opt/lampp/htdocs/cakephp/app/webroot/index.php(110): Dispatcher->dispatch(Object(CakeRequest), Object(CakeResponse))
#1 {main}
2016-08-31 05:14:09 Error: [MissingControllerException] Controller class PostsController could not be found.
Exception Attributes: array (
  'class' => 'PostsController',
  'plugin' => NULL,
)
Request URL: /cakephp/posts/index.ctp
Stack Trace:
#0 /opt/lampp/htdocs/cakephp/app/webroot/index.php(110): Dispatcher->dispatch(Object(CakeRequest), Object(CakeResponse))
#1 {main}
2016-08-31 05:14:09 Error: [MissingControllerException] Controller class PostsController could not be found.
Exception Attributes: array (
  'class' => 'PostsController',
  'plugin' => NULL,
)
Request URL: /cakephp/posts/index.ctp
Stack Trace:
#0 /opt/lampp/htdocs/cakephp/app/webroot/index.php(110): Dispatcher->dispatch(Object(CakeRequest), Object(CakeResponse))
#1 {main}
2016-08-31 05:14:10 Error: [MissingControllerException] Controller class PostsController could not be found.
Exception Attributes: array (
  'class' => 'PostsController',
  'plugin' => NULL,
)
Request URL: /cakephp/posts/index.ctp
Stack Trace:
#0 /opt/lampp/htdocs/cakephp/app/webroot/index.php(110): Dispatcher->dispatch(Object(CakeRequest), Object(CakeResponse))
#1 {main}
2016-08-31 05:14:10 Error: [MissingControllerException] Controller class PostsController could not be found.
Exception Attributes: array (
  'class' => 'PostsController',
  'plugin' => NULL,
)
Request URL: /cakephp/posts/index.ctp
Stack Trace:
#0 /opt/lampp/htdocs/cakephp/app/webroot/index.php(110): Dispatcher->dispatch(Object(CakeRequest), Object(CakeResponse))
#1 {main}
2016-08-31 05:14:14 Error: [MissingControllerException] Controller class PostsController could not be found.
Exception Attributes: array (
  'class' => 'PostsController',
  'plugin' => NULL,
)
Request URL: /cakephp/posts/
Stack Trace:
#0 /opt/lampp/htdocs/cakephp/app/webroot/index.php(110): Dispatcher->dispatch(Object(CakeRequest), Object(CakeResponse))
#1 {main}
2016-08-31 05:15:13 Error: [ParseError] syntax error, unexpected 'fuction' (T_STRING), expecting variable (T_VARIABLE)
Request URL: /cakephp/posts/
Stack Trace:
#0 [internal function]: App::load('PostsController')
#1 [internal function]: spl_autoload_call('PostsController')
#2 /opt/lampp/htdocs/cakephp/lib/Cake/Routing/Dispatcher.php(266): class_exists('PostsController')
#3 /opt/lampp/htdocs/cakephp/lib/Cake/Routing/Dispatcher.php(235): Dispatcher->_loadController(Object(CakeRequest))
#4 /opt/lampp/htdocs/cakephp/lib/Cake/Routing/Dispatcher.php(158): Dispatcher->_getController(Object(CakeRequest), Object(CakeResponse))
#5 /opt/lampp/htdocs/cakephp/app/webroot/index.php(110): Dispatcher->dispatch(Object(CakeRequest), Object(CakeResponse))
#6 {main}
2016-08-31 05:15:14 Error: [ParseError] syntax error, unexpected 'fuction' (T_STRING), expecting variable (T_VARIABLE)
Request URL: /cakephp/posts/
Stack Trace:
#0 [internal function]: App::load('PostsController')
#1 [internal function]: spl_autoload_call('PostsController')
#2 /opt/lampp/htdocs/cakephp/lib/Cake/Routing/Dispatcher.php(266): class_exists('PostsController')
#3 /opt/lampp/htdocs/cakephp/lib/Cake/Routing/Dispatcher.php(235): Dispatcher->_loadController(Object(CakeRequest))
#4 /opt/lampp/htdocs/cakephp/lib/Cake/Routing/Dispatcher.php(158): Dispatcher->_getController(Object(CakeRequest), Object(CakeResponse))
#5 /opt/lampp/htdocs/cakephp/app/webroot/index.php(110): Dispatcher->dispatch(Object(CakeRequest), Object(CakeResponse))
#6 {main}
2016-08-31 05:15:57 Error: [ParseError] syntax error, unexpected 'fuction' (T_STRING), expecting variable (T_VARIABLE)
Request URL: /cakephp/posts/
Stack Trace:
#0 [internal function]: App::load('PostsController')
#1 [internal function]: spl_autoload_call('PostsController')
#2 /opt/lampp/htdocs/cakephp/lib/Cake/Routing/Dispatcher.php(266): class_exists('PostsController')
#3 /opt/lampp/htdocs/cakephp/lib/Cake/Routing/Dispatcher.php(235): Dispatcher->_loadController(Object(CakeRequest))
#4 /opt/lampp/htdocs/cakephp/lib/Cake/Routing/Dispatcher.php(158): Dispatcher->_getController(Object(CakeRequest), Object(CakeResponse))
#5 /opt/lampp/htdocs/cakephp/app/webroot/index.php(110): Dispatcher->dispatch(Object(CakeRequest), Object(CakeResponse))
#6 {main}
2016-08-31 05:15:57 Error: [ParseError] syntax error, unexpected 'fuction' (T_STRING), expecting variable (T_VARIABLE)
Request URL: /cakephp/posts/
Stack Trace:
#0 [internal function]: App::load('PostsController')
#1 [internal function]: spl_autoload_call('PostsController')
#2 /opt/lampp/htdocs/cakephp/lib/Cake/Routing/Dispatcher.php(266): class_exists('PostsController')
#3 /opt/lampp/htdocs/cakephp/lib/Cake/Routing/Dispatcher.php(235): Dispatcher->_loadController(Object(CakeRequest))
#4 /opt/lampp/htdocs/cakephp/lib/Cake/Routing/Dispatcher.php(158): Dispatcher->_getController(Object(CakeRequest), Object(CakeResponse))
#5 /opt/lampp/htdocs/cakephp/app/webroot/index.php(110): Dispatcher->dispatch(Object(CakeRequest), Object(CakeResponse))
#6 {main}
2016-08-31 05:17:01 Error: [ParseError] syntax error, unexpected 'fuction' (T_STRING), expecting variable (T_VARIABLE)
Request URL: /cakephp/posts/
Stack Trace:
#0 [internal function]: App::load('PostsController')
#1 [internal function]: spl_autoload_call('PostsController')
#2 /opt/lampp/htdocs/cakephp/lib/Cake/Routing/Dispatcher.php(266): class_exists('PostsController')
#3 /opt/lampp/htdocs/cakephp/lib/Cake/Routing/Dispatcher.php(235): Dispatcher->_loadController(Object(CakeRequest))
#4 /opt/lampp/htdocs/cakephp/lib/Cake/Routing/Dispatcher.php(158): Dispatcher->_getController(Object(CakeRequest), Object(CakeResponse))
#5 /opt/lampp/htdocs/cakephp/app/webroot/index.php(110): Dispatcher->dispatch(Object(CakeRequest), Object(CakeResponse))
#6 {main}
2016-08-31 05:17:54 Error: [ParseError] syntax error, unexpected 'fuction' (T_STRING), expecting variable (T_VARIABLE)
Request URL: /cakephp/posts/
Stack Trace:
#0 [internal function]: App::load('PostsController')
#1 [internal function]: spl_autoload_call('PostsController')
#2 /opt/lampp/htdocs/cakephp/lib/Cake/Routing/Dispatcher.php(266): class_exists('PostsController')
#3 /opt/lampp/htdocs/cakephp/lib/Cake/Routing/Dispatcher.php(235): Dispatcher->_loadController(Object(CakeRequest))
#4 /opt/lampp/htdocs/cakephp/lib/Cake/Routing/Dispatcher.php(158): Dispatcher->_getController(Object(CakeRequest), Object(CakeResponse))
#5 /opt/lampp/htdocs/cakephp/app/webroot/index.php(110): Dispatcher->dispatch(Object(CakeRequest), Object(CakeResponse))
#6 {main}
2016-08-31 05:17:55 Error: [ParseError] syntax error, unexpected 'fuction' (T_STRING), expecting variable (T_VARIABLE)
Request URL: /cakephp/posts/
Stack Trace:
#0 [internal function]: App::load('PostsController')
#1 [internal function]: spl_autoload_call('PostsController')
#2 /opt/lampp/htdocs/cakephp/lib/Cake/Routing/Dispatcher.php(266): class_exists('PostsController')
#3 /opt/lampp/htdocs/cakephp/lib/Cake/Routing/Dispatcher.php(235): Dispatcher->_loadController(Object(CakeRequest))
#4 /opt/lampp/htdocs/cakephp/lib/Cake/Routing/Dispatcher.php(158): Dispatcher->_getController(Object(CakeRequest), Object(CakeResponse))
#5 /opt/lampp/htdocs/cakephp/app/webroot/index.php(110): Dispatcher->dispatch(Object(CakeRequest), Object(CakeResponse))
#6 {main}
2016-08-31 05:17:55 Error: [ParseError] syntax error, unexpected 'fuction' (T_STRING), expecting variable (T_VARIABLE)
Request URL: /cakephp/posts/
Stack Trace:
#0 [internal function]: App::load('PostsController')
#1 [internal function]: spl_autoload_call('PostsController')
#2 /opt/lampp/htdocs/cakephp/lib/Cake/Routing/Dispatcher.php(266): class_exists('PostsController')
#3 /opt/lampp/htdocs/cakephp/lib/Cake/Routing/Dispatcher.php(235): Dispatcher->_loadController(Object(CakeRequest))
#4 /opt/lampp/htdocs/cakephp/lib/Cake/Routing/Dispatcher.php(158): Dispatcher->_getController(Object(CakeRequest), Object(CakeResponse))
#5 /opt/lampp/htdocs/cakephp/app/webroot/index.php(110): Dispatcher->dispatch(Object(CakeRequest), Object(CakeResponse))
#6 {main}
2016-08-31 05:17:56 Error: [ParseError] syntax error, unexpected 'fuction' (T_STRING), expecting variable (T_VARIABLE)
Request URL: /cakephp/posts/
Stack Trace:
#0 [internal function]: App::load('PostsController')
#1 [internal function]: spl_autoload_call('PostsController')
#2 /opt/lampp/htdocs/cakephp/lib/Cake/Routing/Dispatcher.php(266): class_exists('PostsController')
#3 /opt/lampp/htdocs/cakephp/lib/Cake/Routing/Dispatcher.php(235): Dispatcher->_loadController(Object(CakeRequest))
#4 /opt/lampp/htdocs/cakephp/lib/Cake/Routing/Dispatcher.php(158): Dispatcher->_getController(Object(CakeRequest), Object(CakeResponse))
#5 /opt/lampp/htdocs/cakephp/app/webroot/index.php(110): Dispatcher->dispatch(Object(CakeRequest), Object(CakeResponse))
#6 {main}
2016-08-31 05:17:56 Error: [ParseError] syntax error, unexpected 'fuction' (T_STRING), expecting variable (T_VARIABLE)
Request URL: /cakephp/posts/
Stack Trace:
#0 [internal function]: App::load('PostsController')
#1 [internal function]: spl_autoload_call('PostsController')
#2 /opt/lampp/htdocs/cakephp/lib/Cake/Routing/Dispatcher.php(266): class_exists('PostsController')
#3 /opt/lampp/htdocs/cakephp/lib/Cake/Routing/Dispatcher.php(235): Dispatcher->_loadController(Object(CakeRequest))
#4 /opt/lampp/htdocs/cakephp/lib/Cake/Routing/Dispatcher.php(158): Dispatcher->_getController(Object(CakeRequest), Object(CakeResponse))
#5 /opt/lampp/htdocs/cakephp/app/webroot/index.php(110): Dispatcher->dispatch(Object(CakeRequest), Object(CakeResponse))
#6 {main}
2016-08-31 05:19:07 Error: [MissingActionException] Action PostsController::view() could not be found.
Exception Attributes: array (
  'controller' => 'PostsController',
  'action' => 'view',
)
Request URL: /cakephp/posts/view/1
Stack Trace:
#0 /opt/lampp/htdocs/cakephp/lib/Cake/Routing/Dispatcher.php(193): Controller->invokeAction(Object(CakeRequest))
#1 /opt/lampp/htdocs/cakephp/lib/Cake/Routing/Dispatcher.php(167): Dispatcher->_invoke(Object(PostsController), Object(CakeRequest))
#2 /opt/lampp/htdocs/cakephp/app/webroot/index.php(110): Dispatcher->dispatch(Object(CakeRequest), Object(CakeResponse))
#3 {main}
2016-08-31 05:27:55 Error: [ParseError] syntax error, unexpected 'fuct' (T_STRING), expecting variable (T_VARIABLE)
Request URL: /cakephp/posts/view/1
Stack Trace:
#0 [internal function]: App::load('PostsController')
#1 [internal function]: spl_autoload_call('PostsController')
#2 /opt/lampp/htdocs/cakephp/lib/Cake/Routing/Dispatcher.php(266): class_exists('PostsController')
#3 /opt/lampp/htdocs/cakephp/lib/Cake/Routing/Dispatcher.php(235): Dispatcher->_loadController(Object(CakeRequest))
#4 /opt/lampp/htdocs/cakephp/lib/Cake/Routing/Dispatcher.php(158): Dispatcher->_getController(Object(CakeRequest), Object(CakeResponse))
#5 /opt/lampp/htdocs/cakephp/app/webroot/index.php(110): Dispatcher->dispatch(Object(CakeRequest), Object(CakeResponse))
#6 {main}
2016-08-31 18:14:23 Error: [ParseError] syntax error, unexpected 'public' (T_PUBLIC)
Request URL: /cakephp/
Stack Trace:
#0 [internal function]: App::load('PostsController')
#1 [internal function]: spl_autoload_call('PostsController')
#2 /opt/lampp/htdocs/cakephp/lib/Cake/Routing/Dispatcher.php(266): class_exists('PostsController')
#3 /opt/lampp/htdocs/cakephp/lib/Cake/Routing/Dispatcher.php(235): Dispatcher->_loadController(Object(CakeRequest))
#4 /opt/lampp/htdocs/cakephp/lib/Cake/Routing/Dispatcher.php(158): Dispatcher->_getController(Object(CakeRequest), Object(CakeResponse))
#5 /opt/lampp/htdocs/cakephp/app/webroot/index.php(110): Dispatcher->dispatch(Object(CakeRequest), Object(CakeResponse))
#6 {main}
2016-08-31 22:49:49 Error: [ParseError] syntax error, unexpected 'public' (T_PUBLIC)
Request URL: /cakephp/
Stack Trace:
#0 [internal function]: App::load('PostsController')
#1 [internal function]: spl_autoload_call('PostsController')
#2 /opt/lampp/htdocs/cakephp/lib/Cake/Routing/Dispatcher.php(266): class_exists('PostsController')
#3 /opt/lampp/htdocs/cakephp/lib/Cake/Routing/Dispatcher.php(235): Dispatcher->_loadController(Object(CakeRequest))
#4 /opt/lampp/htdocs/cakephp/lib/Cake/Routing/Dispatcher.php(158): Dispatcher->_getController(Object(CakeRequest), Object(CakeResponse))
#5 /opt/lampp/htdocs/cakephp/app/webroot/index.php(110): Dispatcher->dispatch(Object(CakeRequest), Object(CakeResponse))
#6 {main}
2016-08-31 22:50:02 Error: [ParseError] syntax error, unexpected 'public' (T_PUBLIC)
Request URL: /cakephp/
Stack Trace:
#0 [internal function]: App::load('PostsController')
#1 [internal function]: spl_autoload_call('PostsController')
#2 /opt/lampp/htdocs/cakephp/lib/Cake/Routing/Dispatcher.php(266): class_exists('PostsController')
#3 /opt/lampp/htdocs/cakephp/lib/Cake/Routing/Dispatcher.php(235): Dispatcher->_loadController(Object(CakeRequest))
#4 /opt/lampp/htdocs/cakephp/lib/Cake/Routing/Dispatcher.php(158): Dispatcher->_getController(Object(CakeRequest), Object(CakeResponse))
#5 /opt/lampp/htdocs/cakephp/app/webroot/index.php(110): Dispatcher->dispatch(Object(CakeRequest), Object(CakeResponse))
#6 {main}
2016-08-31 22:50:05 Error: [ParseError] syntax error, unexpected 'public' (T_PUBLIC)
Request URL: /cakephp/posts/
Stack Trace:
#0 [internal function]: App::load('PostsController')
#1 [internal function]: spl_autoload_call('PostsController')
#2 /opt/lampp/htdocs/cakephp/lib/Cake/Routing/Dispatcher.php(266): class_exists('PostsController')
#3 /opt/lampp/htdocs/cakephp/lib/Cake/Routing/Dispatcher.php(235): Dispatcher->_loadController(Object(CakeRequest))
#4 /opt/lampp/htdocs/cakephp/lib/Cake/Routing/Dispatcher.php(158): Dispatcher->_getController(Object(CakeRequest), Object(CakeResponse))
#5 /opt/lampp/htdocs/cakephp/app/webroot/index.php(110): Dispatcher->dispatch(Object(CakeRequest), Object(CakeResponse))
#6 {main}
2016-09-13 19:11:24 Error: [ParseError] syntax error, unexpected 'public' (T_PUBLIC)
Request URL: /cakephp/
Stack Trace:
#0 [internal function]: App::load('PostsController')
#1 [internal function]: spl_autoload_call('PostsController')
#2 /opt/lampp/htdocs/cakephp/lib/Cake/Routing/Dispatcher.php(266): class_exists('PostsController')
#3 /opt/lampp/htdocs/cakephp/lib/Cake/Routing/Dispatcher.php(235): Dispatcher->_loadController(Object(CakeRequest))
#4 /opt/lampp/htdocs/cakephp/lib/Cake/Routing/Dispatcher.php(158): Dispatcher->_getController(Object(CakeRequest), Object(CakeResponse))
#5 /opt/lampp/htdocs/cakephp/app/webroot/index.php(110): Dispatcher->dispatch(Object(CakeRequest), Object(CakeResponse))
#6 {main}
2016-09-13 19:11:59 Error: [MissingActionException] Action AppController::View() could not be found.
Exception Attributes: array (
  'controller' => 'AppController',
  'action' => 'View',
)
Request URL: /cakephp/app/View/Accounts/view
Stack Trace:
#0 /opt/lampp/htdocs/cakephp/lib/Cake/Routing/Dispatcher.php(193): Controller->invokeAction(Object(CakeRequest))
#1 /opt/lampp/htdocs/cakephp/lib/Cake/Routing/Dispatcher.php(167): Dispatcher->_invoke(Object(AppController), Object(CakeRequest))
#2 /opt/lampp/htdocs/cakephp/app/webroot/index.php(110): Dispatcher->dispatch(Object(CakeRequest), Object(CakeResponse))
#3 {main}
2016-09-14 02:42:25 Error: [ParseError] syntax error, unexpected 'public' (T_PUBLIC)
Request URL: /cakephp/
Stack Trace:
#0 [internal function]: App::load('PostsController')
#1 [internal function]: spl_autoload_call('PostsController')
#2 /opt/lampp/htdocs/cakephp/lib/Cake/Routing/Dispatcher.php(266): class_exists('PostsController')
#3 /opt/lampp/htdocs/cakephp/lib/Cake/Routing/Dispatcher.php(235): Dispatcher->_loadController(Object(CakeRequest))
#4 /opt/lampp/htdocs/cakephp/lib/Cake/Routing/Dispatcher.php(158): Dispatcher->_getController(Object(CakeRequest), Object(CakeResponse))
#5 /opt/lampp/htdocs/cakephp/app/webroot/index.php(110): Dispatcher->dispatch(Object(CakeRequest), Object(CakeResponse))
#6 {main}
2016-09-14 02:42:35 Error: [MissingControllerException] Controller class TaskaccountController could not be found.
Exception Attributes: array (
  'class' => 'TaskaccountController',
  'plugin' => NULL,
)
Request URL: /cakephp/taskaccount
Stack Trace:
#0 /opt/lampp/htdocs/cakephp/app/webroot/index.php(110): Dispatcher->dispatch(Object(CakeRequest), Object(CakeResponse))
#1 {main}
2016-09-14 14:09:55 Error: [ParseError] syntax error, unexpected 'public' (T_PUBLIC)
Request URL: /cakephp/
Stack Trace:
#0 [internal function]: App::load('PostsController')
#1 [internal function]: spl_autoload_call('PostsController')
#2 /opt/lampp/htdocs/cakephp/lib/Cake/Routing/Dispatcher.php(266): class_exists('PostsController')
#3 /opt/lampp/htdocs/cakephp/lib/Cake/Routing/Dispatcher.php(235): Dispatcher->_loadController(Object(CakeRequest))
#4 /opt/lampp/htdocs/cakephp/lib/Cake/Routing/Dispatcher.php(158): Dispatcher->_getController(Object(CakeRequest), Object(CakeResponse))
#5 /opt/lampp/htdocs/cakephp/app/webroot/index.php(110): Dispatcher->dispatch(Object(CakeRequest), Object(CakeResponse))
#6 {main}
2016-09-14 14:24:46 Error: [MissingActionException] Action TaskaccountsController::addaccount.ctp() could not be found.
Exception Attributes: array (
  'controller' => 'TaskaccountsController',
  'action' => 'addaccount.ctp',
)
Request URL: /cakephp/taskaccounts/addaccount.ctp
Stack Trace:
#0 /opt/lampp/htdocs/cakephp/lib/Cake/Routing/Dispatcher.php(193): Controller->invokeAction(Object(CakeRequest))
#1 /opt/lampp/htdocs/cakephp/lib/Cake/Routing/Dispatcher.php(167): Dispatcher->_invoke(Object(TaskaccountsController), Object(CakeRequest))
#2 /opt/lampp/htdocs/cakephp/app/webroot/index.php(110): Dispatcher->dispatch(Object(CakeRequest), Object(CakeResponse))
#3 {main}
2016-09-14 14:26:17 Error: [MissingActionException] Action TaskaccountsController::ProductivityAppStylesheet.css() could not be found.
Exception Attributes: array (
  'controller' => 'TaskaccountsController',
  'action' => 'ProductivityAppStylesheet.css',
)
Request URL: /cakephp/taskaccounts/ProductivityAppStylesheet.css
Stack Trace:
#0 /opt/lampp/htdocs/cakephp/lib/Cake/Routing/Dispatcher.php(193): Controller->invokeAction(Object(CakeRequest))
#1 /opt/lampp/htdocs/cakephp/lib/Cake/Routing/Dispatcher.php(167): Dispatcher->_invoke(Object(TaskaccountsController), Object(CakeRequest))
#2 /opt/lampp/htdocs/cakephp/app/webroot/index.php(110): Dispatcher->dispatch(Object(CakeRequest), Object(CakeResponse))
#3 {main}
2016-09-14 14:27:12 Error: [MissingActionException] Action TaskaccountsController::ProductivityAppStylesheet.css() could not be found.
Exception Attributes: array (
  'controller' => 'TaskaccountsController',
  'action' => 'ProductivityAppStylesheet.css',
)
Request URL: /cakephp/taskaccounts/ProductivityAppStylesheet.css
Stack Trace:
#0 /opt/lampp/htdocs/cakephp/lib/Cake/Routing/Dispatcher.php(193): Controller->invokeAction(Object(CakeRequest))
#1 /opt/lampp/htdocs/cakephp/lib/Cake/Routing/Dispatcher.php(167): Dispatcher->_invoke(Object(TaskaccountsController), Object(CakeRequest))
#2 /opt/lampp/htdocs/cakephp/app/webroot/index.php(110): Dispatcher->dispatch(Object(CakeRequest), Object(CakeResponse))
#3 {main}
2016-09-14 14:32:45 Error: [MissingActionException] Action TaskaccountsController::ProductivityAppStylesheet.css() could not be found.
Exception Attributes: array (
  'controller' => 'TaskaccountsController',
  'action' => 'ProductivityAppStylesheet.css',
)
Request URL: /cakephp/taskaccounts/ProductivityAppStylesheet.css
Stack Trace:
#0 /opt/lampp/htdocs/cakephp/lib/Cake/Routing/Dispatcher.php(193): Controller->invokeAction(Object(CakeRequest))
#1 /opt/lampp/htdocs/cakephp/lib/Cake/Routing/Dispatcher.php(167): Dispatcher->_invoke(Object(TaskaccountsController), Object(CakeRequest))
#2 /opt/lampp/htdocs/cakephp/app/webroot/index.php(110): Dispatcher->dispatch(Object(CakeRequest), Object(CakeResponse))
#3 {main}
2016-09-14 15:13:49 Error: [MissingActionException] Action TaskaccountsController::ProductivityAppStylesheet.css() could not be found.
Exception Attributes: array (
  'controller' => 'TaskaccountsController',
  'action' => 'ProductivityAppStylesheet.css',
)
Request URL: /cakephp/taskaccounts/ProductivityAppStylesheet.css
Stack Trace:
#0 /opt/lampp/htdocs/cakephp/lib/Cake/Routing/Dispatcher.php(193): Controller->invokeAction(Object(CakeRequest))
#1 /opt/lampp/htdocs/cakephp/lib/Cake/Routing/Dispatcher.php(167): Dispatcher->_invoke(Object(TaskaccountsController), Object(CakeRequest))
#2 /opt/lampp/htdocs/cakephp/app/webroot/index.php(110): Dispatcher->dispatch(Object(CakeRequest), Object(CakeResponse))
#3 {main}
2016-09-14 15:14:03 Error: [MissingActionException] Action TaskaccountsController::Notes.html() could not be found.
Exception Attributes: array (
  'controller' => 'TaskaccountsController',
  'action' => 'Notes.html',
)
Request URL: /cakephp/taskaccounts/Notes.html
Stack Trace:
#0 /opt/lampp/htdocs/cakephp/lib/Cake/Routing/Dispatcher.php(193): Controller->invokeAction(Object(CakeRequest))
#1 /opt/lampp/htdocs/cakephp/lib/Cake/Routing/Dispatcher.php(167): Dispatcher->_invoke(Object(TaskaccountsController), Object(CakeRequest))
#2 /opt/lampp/htdocs/cakephp/app/webroot/index.php(110): Dispatcher->dispatch(Object(CakeRequest), Object(CakeResponse))
#3 {main}
2016-09-14 15:14:27 Error: [MissingActionException] Action TaskaccountsController::Location.html() could not be found.
Exception Attributes: array (
  'controller' => 'TaskaccountsController',
  'action' => 'Location.html',
)
Request URL: /cakephp/taskaccounts/Location.html
Stack Trace:
#0 /opt/lampp/htdocs/cakephp/lib/Cake/Routing/Dispatcher.php(193): Controller->invokeAction(Object(CakeRequest))
#1 /opt/lampp/htdocs/cakephp/lib/Cake/Routing/Dispatcher.php(167): Dispatcher->_invoke(Object(TaskaccountsController), Object(CakeRequest))
#2 /opt/lampp/htdocs/cakephp/app/webroot/index.php(110): Dispatcher->dispatch(Object(CakeRequest), Object(CakeResponse))
#3 {main}
2016-09-14 18:52:16 Error: [ParseError] syntax error, unexpected 'public' (T_PUBLIC)
Request URL: /cakephp/
Stack Trace:
#0 [internal function]: App::load('PostsController')
#1 [internal function]: spl_autoload_call('PostsController')
#2 /opt/lampp/htdocs/cakephp/lib/Cake/Routing/Dispatcher.php(266): class_exists('PostsController')
#3 /opt/lampp/htdocs/cakephp/lib/Cake/Routing/Dispatcher.php(235): Dispatcher->_loadController(Object(CakeRequest))
#4 /opt/lampp/htdocs/cakephp/lib/Cake/Routing/Dispatcher.php(158): Dispatcher->_getController(Object(CakeRequest), Object(CakeResponse))
#5 /opt/lampp/htdocs/cakephp/app/webroot/index.php(110): Dispatcher->dispatch(Object(CakeRequest), Object(CakeResponse))
#6 {main}
2016-09-14 18:53:42 Error: [ParseError] syntax error, unexpected 'public' (T_PUBLIC)
Request URL: /cakephp/
Stack Trace:
#0 [internal function]: App::load('PostsController')
#1 [internal function]: spl_autoload_call('PostsController')
#2 /opt/lampp/htdocs/cakephp/lib/Cake/Routing/Dispatcher.php(266): class_exists('PostsController')
#3 /opt/lampp/htdocs/cakephp/lib/Cake/Routing/Dispatcher.php(235): Dispatcher->_loadController(Object(CakeRequest))
#4 /opt/lampp/htdocs/cakephp/lib/Cake/Routing/Dispatcher.php(158): Dispatcher->_getController(Object(CakeRequest), Object(CakeResponse))
#5 /opt/lampp/htdocs/cakephp/app/webroot/index.php(110): Dispatcher->dispatch(Object(CakeRequest), Object(CakeResponse))
#6 {main}
2016-09-14 18:53:42 Error: [MissingControllerException] Controller class CssController could not be found.
Exception Attributes: array (
  'class' => 'CssController',
  'plugin' => NULL,
)
Request URL: /cakephp/css/cakephp.generic.css
Stack Trace:
#0 /opt/lampp/htdocs/cakephp/app/webroot/index.php(110): Dispatcher->dispatch(Object(CakeRequest), Object(CakeResponse))
#1 {main}
2016-09-14 18:54:02 Error: [MissingControllerException] Controller class CssController could not be found.
Exception Attributes: array (
  'class' => 'CssController',
  'plugin' => NULL,
)
Request URL: /cakephp/css/cakephp.generic.css
Stack Trace:
#0 /opt/lampp/htdocs/cakephp/app/webroot/index.php(110): Dispatcher->dispatch(Object(CakeRequest), Object(CakeResponse))
#1 {main}
2016-09-16 19:23:00 Error: [ParseError] syntax error, unexpected 'public' (T_PUBLIC)
Request URL: /cakephp/
Stack Trace:
#0 [internal function]: App::load('PostsController')
#1 [internal function]: spl_autoload_call('PostsController')
#2 /opt/lampp/htdocs/cakephp/lib/Cake/Routing/Dispatcher.php(266): class_exists('PostsController')
#3 /opt/lampp/htdocs/cakephp/lib/Cake/Routing/Dispatcher.php(235): Dispatcher->_loadController(Object(CakeRequest))
#4 /opt/lampp/htdocs/cakephp/lib/Cake/Routing/Dispatcher.php(158): Dispatcher->_getController(Object(CakeRequest), Object(CakeResponse))
#5 /opt/lampp/htdocs/cakephp/app/webroot/index.php(110): Dispatcher->dispatch(Object(CakeRequest), Object(CakeResponse))
#6 {main}
2016-09-16 19:23:01 Error: [MissingControllerException] Controller class CssController could not be found.
Exception Attributes: array (
  'class' => 'CssController',
  'plugin' => NULL,
)
Request URL: /cakephp/css/cakephp.generic.css
Stack Trace:
#0 /opt/lampp/htdocs/cakephp/app/webroot/index.php(110): Dispatcher->dispatch(Object(CakeRequest), Object(CakeResponse))
#1 {main}
2016-09-16 19:47:35 Error: [ParseError] syntax error, unexpected 'public' (T_PUBLIC)
Request URL: /cakephp/
Stack Trace:
#0 [internal function]: App::load('PostsController')
#1 [internal function]: spl_autoload_call('PostsController')
#2 /opt/lampp/htdocs/cakephp/lib/Cake/Routing/Dispatcher.php(266): class_exists('PostsController')
#3 /opt/lampp/htdocs/cakephp/lib/Cake/Routing/Dispatcher.php(235): Dispatcher->_loadController(Object(CakeRequest))
#4 /opt/lampp/htdocs/cakephp/lib/Cake/Routing/Dispatcher.php(158): Dispatcher->_getController(Object(CakeRequest), Object(CakeResponse))
#5 /opt/lampp/htdocs/cakephp/app/webroot/index.php(110): Dispatcher->dispatch(Object(CakeRequest), Object(CakeResponse))
#6 {main}
2016-09-16 19:47:36 Error: [MissingControllerException] Controller class CssController could not be found.
Exception Attributes: array (
  'class' => 'CssController',
  'plugin' => NULL,
)
Request URL: /cakephp/css/cakephp.generic.css
Stack Trace:
#0 /opt/lampp/htdocs/cakephp/app/webroot/index.php(110): Dispatcher->dispatch(Object(CakeRequest), Object(CakeResponse))
#1 {main}
2016-09-16 19:49:35 Error: [ParseError] syntax error, unexpected 'public' (T_PUBLIC)
Request URL: /cakephp/
Stack Trace:
#0 [internal function]: App::load('PostsController')
#1 [internal function]: spl_autoload_call('PostsController')
#2 /opt/lampp/htdocs/cakephp/lib/Cake/Routing/Dispatcher.php(266): class_exists('PostsController')
#3 /opt/lampp/htdocs/cakephp/lib/Cake/Routing/Dispatcher.php(235): Dispatcher->_loadController(Object(CakeRequest))
#4 /opt/lampp/htdocs/cakephp/lib/Cake/Routing/Dispatcher.php(158): Dispatcher->_getController(Object(CakeRequest), Object(CakeResponse))
#5 /opt/lampp/htdocs/cakephp/app/webroot/index.php(110): Dispatcher->dispatch(Object(CakeRequest), Object(CakeResponse))
#6 {main}
2016-09-16 19:53:22 Error: [ParseError] syntax error, unexpected 'public' (T_PUBLIC)
Request URL: /cakephp/
Stack Trace:
#0 [internal function]: App::load('PostsController')
#1 [internal function]: spl_autoload_call('PostsController')
#2 /opt/lampp/htdocs/cakephp/lib/Cake/Routing/Dispatcher.php(266): class_exists('PostsController')
#3 /opt/lampp/htdocs/cakephp/lib/Cake/Routing/Dispatcher.php(235): Dispatcher->_loadController(Object(CakeRequest))
#4 /opt/lampp/htdocs/cakephp/lib/Cake/Routing/Dispatcher.php(158): Dispatcher->_getController(Object(CakeRequest), Object(CakeResponse))
#5 /opt/lampp/htdocs/cakephp/app/webroot/index.php(110): Dispatcher->dispatch(Object(CakeRequest), Object(CakeResponse))
#6 {main}
2016-09-16 19:53:22 Error: [MissingControllerException] Controller class CssController could not be found.
Exception Attributes: array (
  'class' => 'CssController',
  'plugin' => NULL,
)
Request URL: /cakephp/css/cakephp.generic.css
Stack Trace:
#0 /opt/lampp/htdocs/cakephp/app/webroot/index.php(110): Dispatcher->dispatch(Object(CakeRequest), Object(CakeResponse))
#1 {main}
2016-09-16 19:54:15 Error: [ParseError] syntax error, unexpected 'public' (T_PUBLIC)
Request URL: /cakephp/
Stack Trace:
#0 [internal function]: App::load('PostsController')
#1 [internal function]: spl_autoload_call('PostsController')
#2 /opt/lampp/htdocs/cakephp/lib/Cake/Routing/Dispatcher.php(266): class_exists('PostsController')
#3 /opt/lampp/htdocs/cakephp/lib/Cake/Routing/Dispatcher.php(235): Dispatcher->_loadController(Object(CakeRequest))
#4 /opt/lampp/htdocs/cakephp/lib/Cake/Routing/Dispatcher.php(158): Dispatcher->_getController(Object(CakeRequest), Object(CakeResponse))
#5 /opt/lampp/htdocs/cakephp/app/webroot/index.php(110): Dispatcher->dispatch(Object(CakeRequest), Object(CakeResponse))
#6 {main}
2016-09-16 19:56:05 Error: [MissingControllerException] Controller class CssController could not be found.
Exception Attributes: array (
  'class' => 'CssController',
  'plugin' => NULL,
)
Request URL: /cakephp/css/cakephp.generic.css
Stack Trace:
#0 /opt/lampp/htdocs/cakephp/app/webroot/index.php(110): Dispatcher->dispatch(Object(CakeRequest), Object(CakeResponse))
#1 {main}
2016-09-16 19:56:08 Error: [MissingControllerException] Controller class CssController could not be found.
Exception Attributes: array (
  'class' => 'CssController',
  'plugin' => NULL,
)
Request URL: /cakephp/css/cakephp.generic.css
Stack Trace:
#0 /opt/lampp/htdocs/cakephp/app/webroot/index.php(110): Dispatcher->dispatch(Object(CakeRequest), Object(CakeResponse))
#1 {main}
2016-09-16 21:46:10 Error: [MissingActionException] Action TaskaccountsController::ProductivityAppStylesheet.css() could not be found.
Exception Attributes: array (
  'controller' => 'TaskaccountsController',
  'action' => 'ProductivityAppStylesheet.css',
)
Request URL: /cakephp/taskaccounts/ProductivityAppStylesheet.css
Stack Trace:
#0 /opt/lampp/htdocs/cakephp/lib/Cake/Routing/Dispatcher.php(193): Controller->invokeAction(Object(CakeRequest))
#1 /opt/lampp/htdocs/cakephp/lib/Cake/Routing/Dispatcher.php(167): Dispatcher->_invoke(Object(TaskaccountsController), Object(CakeRequest))
#2 /opt/lampp/htdocs/cakephp/app/webroot/index.php(110): Dispatcher->dispatch(Object(CakeRequest), Object(CakeResponse))
#3 {main}
2016-09-16 21:46:31 Error: [MissingActionException] Action TaskaccountsController::ProductivityAppStylesheet.css() could not be found.
Exception Attributes: array (
  'controller' => 'TaskaccountsController',
  'action' => 'ProductivityAppStylesheet.css',
)
Request URL: /cakephp/taskaccounts/ProductivityAppStylesheet.css
Stack Trace:
#0 /opt/lampp/htdocs/cakephp/lib/Cake/Routing/Dispatcher.php(193): Controller->invokeAction(Object(CakeRequest))
#1 /opt/lampp/htdocs/cakephp/lib/Cake/Routing/Dispatcher.php(167): Dispatcher->_invoke(Object(TaskaccountsController), Object(CakeRequest))
#2 /opt/lampp/htdocs/cakephp/app/webroot/index.php(110): Dispatcher->dispatch(Object(CakeRequest), Object(CakeResponse))
#3 {main}
2016-09-16 21:48:37 Error: [MissingActionException] Action TaskaccountsController::ProductivityAppStylesheet.css() could not be found.
Exception Attributes: array (
  'controller' => 'TaskaccountsController',
  'action' => 'ProductivityAppStylesheet.css',
)
Request URL: /cakephp/taskaccounts/ProductivityAppStylesheet.css
Stack Trace:
#0 /opt/lampp/htdocs/cakephp/lib/Cake/Routing/Dispatcher.php(193): Controller->invokeAction(Object(CakeRequest))
#1 /opt/lampp/htdocs/cakephp/lib/Cake/Routing/Dispatcher.php(167): Dispatcher->_invoke(Object(TaskaccountsController), Object(CakeRequest))
#2 /opt/lampp/htdocs/cakephp/app/webroot/index.php(110): Dispatcher->dispatch(Object(CakeRequest), Object(CakeResponse))
#3 {main}
2016-09-16 21:49:39 Error: [MissingActionException] Action TaskaccountsController::Location.html() could not be found.
Exception Attributes: array (
  'controller' => 'TaskaccountsController',
  'action' => 'Location.html',
)
Request URL: /cakephp/taskaccounts/Location.html
Stack Trace:
#0 /opt/lampp/htdocs/cakephp/lib/Cake/Routing/Dispatcher.php(193): Controller->invokeAction(Object(CakeRequest))
#1 /opt/lampp/htdocs/cakephp/lib/Cake/Routing/Dispatcher.php(167): Dispatcher->_invoke(Object(TaskaccountsController), Object(CakeRequest))
#2 /opt/lampp/htdocs/cakephp/app/webroot/index.php(110): Dispatcher->dispatch(Object(CakeRequest), Object(CakeResponse))
#3 {main}
2016-09-16 22:24:08 Error: [MissingActionException] Action TaskaccountsController::ProductivityAppStylesheet.css() could not be found.
Exception Attributes: array (
  'controller' => 'TaskaccountsController',
  'action' => 'ProductivityAppStylesheet.css',
)
Request URL: /cakephp/taskaccounts/ProductivityAppStylesheet.css
Stack Trace:
#0 /opt/lampp/htdocs/cakephp/lib/Cake/Routing/Dispatcher.php(193): Controller->invokeAction(Object(CakeRequest))
#1 /opt/lampp/htdocs/cakephp/lib/Cake/Routing/Dispatcher.php(167): Dispatcher->_invoke(Object(TaskaccountsController), Object(CakeRequest))
#2 /opt/lampp/htdocs/cakephp/app/webroot/index.php(110): Dispatcher->dispatch(Object(CakeRequest), Object(CakeResponse))
#3 {main}
2016-09-16 22:26:41 Error: [MissingActionException] Action TaskaccountsController::ProductivityAppStylesheet.css() could not be found.
Exception Attributes: array (
  'controller' => 'TaskaccountsController',
  'action' => 'ProductivityAppStylesheet.css',
)
Request URL: /cakephp/taskaccounts/ProductivityAppStylesheet.css
Stack Trace:
#0 /opt/lampp/htdocs/cakephp/lib/Cake/Routing/Dispatcher.php(193): Controller->invokeAction(Object(CakeRequest))
#1 /opt/lampp/htdocs/cakephp/lib/Cake/Routing/Dispatcher.php(167): Dispatcher->_invoke(Object(TaskaccountsController), Object(CakeRequest))
#2 /opt/lampp/htdocs/cakephp/app/webroot/index.php(110): Dispatcher->dispatch(Object(CakeRequest), Object(CakeResponse))
#3 {main}
2016-09-16 22:30:02 Error: [MissingControllerException] Controller class CssController could not be found.
Exception Attributes: array (
  'class' => 'CssController',
  'plugin' => NULL,
)
Request URL: /cakephp/css/cakephp.generic.css
Stack Trace:
#0 /opt/lampp/htdocs/cakephp/app/webroot/index.php(110): Dispatcher->dispatch(Object(CakeRequest), Object(CakeResponse))
#1 {main}
2016-09-16 22:37:42 Error: [MissingControllerException] Controller class CssController could not be found.
Exception Attributes: array (
  'class' => 'CssController',
  'plugin' => NULL,
)
Request URL: /cakephp/css/cakephp.generic.css
Stack Trace:
#0 /opt/lampp/htdocs/cakephp/app/webroot/index.php(110): Dispatcher->dispatch(Object(CakeRequest), Object(CakeResponse))
#1 {main}
2016-09-16 22:40:55 Error: [MissingControllerException] Controller class CssController could not be found.
Exception Attributes: array (
  'class' => 'CssController',
  'plugin' => NULL,
)
Request URL: /cakephp/css/cakephp.generic.css
Stack Trace:
#0 /opt/lampp/htdocs/cakephp/app/webroot/index.php(110): Dispatcher->dispatch(Object(CakeRequest), Object(CakeResponse))
#1 {main}
2016-09-16 22:40:58 Error: [MissingControllerException] Controller class CssController could not be found.
Exception Attributes: array (
  'class' => 'CssController',
  'plugin' => NULL,
)
Request URL: /cakephp/css/cakephp.generic.css
Stack Trace:
#0 /opt/lampp/htdocs/cakephp/app/webroot/index.php(110): Dispatcher->dispatch(Object(CakeRequest), Object(CakeResponse))
#1 {main}
2016-09-16 22:41:21 Error: [MissingControllerException] Controller class CssController could not be found.
Exception Attributes: array (
  'class' => 'CssController',
  'plugin' => NULL,
)
Request URL: /cakephp/css/cakephp.generic.css
Stack Trace:
#0 /opt/lampp/htdocs/cakephp/app/webroot/index.php(110): Dispatcher->dispatch(Object(CakeRequest), Object(CakeResponse))
#1 {main}
2016-09-16 22:47:08 Error: [MissingControllerException] Controller class CssController could not be found.
Exception Attributes: array (
  'class' => 'CssController',
  'plugin' => NULL,
)
Request URL: /cakephp/css/cakephp.generic.css
Stack Trace:
#0 /opt/lampp/htdocs/cakephp/app/webroot/index.php(110): Dispatcher->dispatch(Object(CakeRequest), Object(CakeResponse))
#1 {main}
2016-09-16 22:47:57 Error: [MissingControllerException] Controller class CssController could not be found.
Exception Attributes: array (
  'class' => 'CssController',
  'plugin' => NULL,
)
Request URL: /cakephp/css/cakephp.generic.css
Stack Trace:
#0 /opt/lampp/htdocs/cakephp/app/webroot/index.php(110): Dispatcher->dispatch(Object(CakeRequest), Object(CakeResponse))
#1 {main}
2016-09-16 22:49:35 Error: [MissingControllerException] Controller class CssController could not be found.
Exception Attributes: array (
  'class' => 'CssController',
  'plugin' => NULL,
)
Request URL: /cakephp/css/cakephp.generic.css
Stack Trace:
#0 /opt/lampp/htdocs/cakephp/app/webroot/index.php(110): Dispatcher->dispatch(Object(CakeRequest), Object(CakeResponse))
#1 {main}
2016-09-16 22:54:55 Error: [MissingControllerException] Controller class CssController could not be found.
Exception Attributes: array (
  'class' => 'CssController',
  'plugin' => NULL,
)
Request URL: /cakephp/css/cakephp.generic.css
Stack Trace:
#0 /opt/lampp/htdocs/cakephp/app/webroot/index.php(110): Dispatcher->dispatch(Object(CakeRequest), Object(CakeResponse))
#1 {main}
2016-09-16 22:55:17 Error: [MissingControllerException] Controller class CssController could not be found.
Exception Attributes: array (
  'class' => 'CssController',
  'plugin' => NULL,
)
Request URL: /cakephp/css/cakephp.generic.css
Stack Trace:
#0 /opt/lampp/htdocs/cakephp/app/webroot/index.php(110): Dispatcher->dispatch(Object(CakeRequest), Object(CakeResponse))
#1 {main}
2016-09-16 22:57:07 Error: [MissingControllerException] Controller class CssController could not be found.
Exception Attributes: array (
  'class' => 'CssController',
  'plugin' => NULL,
)
Request URL: /cakephp/css/cakephp.generic.css
Stack Trace:
#0 /opt/lampp/htdocs/cakephp/app/webroot/index.php(110): Dispatcher->dispatch(Object(CakeRequest), Object(CakeResponse))
#1 {main}
2016-09-16 23:01:05 Error: [ParseError] syntax error, unexpected '<'
Request URL: /cakephp/taskaccounts
Stack Trace:
#0 /opt/lampp/htdocs/cakephp/lib/Cake/View/View.php(933): View->_evaluate('/opt/lampp/htdo...', Array)
#1 /opt/lampp/htdocs/cakephp/lib/Cake/View/View.php(546): View->_render('/opt/lampp/htdo...')
#2 /opt/lampp/htdocs/cakephp/lib/Cake/View/View.php(481): View->renderLayout('<div class="tas...', 'default')
#3 /opt/lampp/htdocs/cakephp/lib/Cake/Controller/Controller.php(963): View->render(NULL, 'default')
#4 /opt/lampp/htdocs/cakephp/lib/Cake/Routing/Dispatcher.php(200): Controller->render()
#5 /opt/lampp/htdocs/cakephp/lib/Cake/Routing/Dispatcher.php(167): Dispatcher->_invoke(Object(TaskaccountsController), Object(CakeRequest))
#6 /opt/lampp/htdocs/cakephp/app/webroot/index.php(110): Dispatcher->dispatch(Object(CakeRequest), Object(CakeResponse))
#7 {main}
2016-09-16 23:01:05 Error: Fatal Error (16): Exception thrown without a stack frame in [Unknown, line 0]
2016-09-16 23:01:05 Error: [FatalErrorException] Exception thrown without a stack frame
Request URL: /cakephp/taskaccounts
Stack Trace:
#0 /opt/lampp/htdocs/cakephp/lib/Cake/Error/ErrorHandler.php(213): ErrorHandler::handleFatalError(16, 'Exception throw...', 'Unknown', 0)
#1 /opt/lampp/htdocs/cakephp/lib/Cake/Core/App.php(970): ErrorHandler::handleError(16, 'Exception throw...', 'Unknown', 0, Array)
#2 /opt/lampp/htdocs/cakephp/lib/Cake/Core/App.php(943): App::_checkFatalError()
#3 [internal function]: App::shutdown()
#4 {main}
2016-09-17 02:31:34 Error: [MissingControllerException] Controller class CssController could not be found.
Exception Attributes: array (
  'class' => 'CssController',
  'plugin' => NULL,
)
Request URL: /cakephp/css/cakephp.generic.css
Stack Trace:
#0 /opt/lampp/htdocs/cakephp/app/webroot/index.php(110): Dispatcher->dispatch(Object(CakeRequest), Object(CakeResponse))
#1 {main}
2016-09-17 02:36:16 Error: [MissingControllerException] Controller class CssController could not be found.
Exception Attributes: array (
  'class' => 'CssController',
  'plugin' => NULL,
)
Request URL: /cakephp/css/cakephp.generic.css
Stack Trace:
#0 /opt/lampp/htdocs/cakephp/app/webroot/index.php(110): Dispatcher->dispatch(Object(CakeRequest), Object(CakeResponse))
#1 {main}
2016-09-17 02:38:03 Error: [MissingControllerException] Controller class CssController could not be found.
Exception Attributes: array (
  'class' => 'CssController',
  'plugin' => NULL,
)
Request URL: /cakephp/css/cakephp.generic.css
Stack Trace:
#0 /opt/lampp/htdocs/cakephp/app/webroot/index.php(110): Dispatcher->dispatch(Object(CakeRequest), Object(CakeResponse))
#1 {main}
2016-09-17 02:38:26 Error: [MissingControllerException] Controller class CssController could not be found.
Exception Attributes: array (
  'class' => 'CssController',
  'plugin' => NULL,
)
Request URL: /cakephp/css/cakephp.generic.css
Stack Trace:
#0 /opt/lampp/htdocs/cakephp/app/webroot/index.php(110): Dispatcher->dispatch(Object(CakeRequest), Object(CakeResponse))
#1 {main}
2016-09-17 02:39:20 Error: [MissingControllerException] Controller class CssController could not be found.
Exception Attributes: array (
  'class' => 'CssController',
  'plugin' => NULL,
)
Request URL: /cakephp/css/cakephp.generic.css
Stack Trace:
#0 /opt/lampp/htdocs/cakephp/app/webroot/index.php(110): Dispatcher->dispatch(Object(CakeRequest), Object(CakeResponse))
#1 {main}
2016-09-17 02:39:49 Error: [MissingControllerException] Controller class CssController could not be found.
Exception Attributes: array (
  'class' => 'CssController',
  'plugin' => NULL,
)
Request URL: /cakephp/css/cakephp.generic.css
Stack Trace:
#0 /opt/lampp/htdocs/cakephp/app/webroot/index.php(110): Dispatcher->dispatch(Object(CakeRequest), Object(CakeResponse))
#1 {main}
2016-09-17 02:40:01 Error: [MissingControllerException] Controller class CssController could not be found.
Exception Attributes: array (
  'class' => 'CssController',
  'plugin' => NULL,
)
Request URL: /cakephp/css/cakephp.generic.css
Stack Trace:
#0 /opt/lampp/htdocs/cakephp/app/webroot/index.php(110): Dispatcher->dispatch(Object(CakeRequest), Object(CakeResponse))
#1 {main}
2016-09-17 02:40:15 Error: [ParseError] syntax error, unexpected 'placeholder' (T_STRING), expecting ')'
Request URL: /cakephp/taskaccounts/add
Stack Trace:
#0 /opt/lampp/htdocs/cakephp/lib/Cake/View/View.php(933): View->_evaluate('/opt/lampp/htdo...', Array)
#1 /opt/lampp/htdocs/cakephp/lib/Cake/View/View.php(473): View->_render('/opt/lampp/htdo...')
#2 /opt/lampp/htdocs/cakephp/lib/Cake/Controller/Controller.php(963): View->render(NULL, NULL)
#3 /opt/lampp/htdocs/cakephp/lib/Cake/Routing/Dispatcher.php(200): Controller->render()
#4 /opt/lampp/htdocs/cakephp/lib/Cake/Routing/Dispatcher.php(167): Dispatcher->_invoke(Object(TaskaccountsController), Object(CakeRequest))
#5 /opt/lampp/htdocs/cakephp/app/webroot/index.php(110): Dispatcher->dispatch(Object(CakeRequest), Object(CakeResponse))
#6 {main}
2016-09-17 02:40:28 Error: [MissingControllerException] Controller class CssController could not be found.
Exception Attributes: array (
  'class' => 'CssController',
  'plugin' => NULL,
)
Request URL: /cakephp/css/cakephp.generic.css
Stack Trace:
#0 /opt/lampp/htdocs/cakephp/app/webroot/index.php(110): Dispatcher->dispatch(Object(CakeRequest), Object(CakeResponse))
#1 {main}
2016-09-17 02:40:39 Error: [MissingControllerException] Controller class CssController could not be found.
Exception Attributes: array (
  'class' => 'CssController',
  'plugin' => NULL,
)
Request URL: /cakephp/css/cakephp.generic.css
Stack Trace:
#0 /opt/lampp/htdocs/cakephp/app/webroot/index.php(110): Dispatcher->dispatch(Object(CakeRequest), Object(CakeResponse))
#1 {main}
2016-09-17 02:42:55 Error: [MissingControllerException] Controller class CssController could not be found.
Exception Attributes: array (
  'class' => 'CssController',
  'plugin' => NULL,
)
Request URL: /cakephp/css/cakephp.generic.css
Stack Trace:
#0 /opt/lampp/htdocs/cakephp/app/webroot/index.php(110): Dispatcher->dispatch(Object(CakeRequest), Object(CakeResponse))
#1 {main}
2016-09-17 02:43:41 Error: [MissingControllerException] Controller class CssController could not be found.
Exception Attributes: array (
  'class' => 'CssController',
  'plugin' => NULL,
)
Request URL: /cakephp/css/cakephp.generic.css
Stack Trace:
#0 /opt/lampp/htdocs/cakephp/app/webroot/index.php(110): Dispatcher->dispatch(Object(CakeRequest), Object(CakeResponse))
#1 {main}
2016-09-17 02:44:07 Error: [MissingControllerException] Controller class CssController could not be found.
Exception Attributes: array (
  'class' => 'CssController',
  'plugin' => NULL,
)
Request URL: /cakephp/css/cakephp.generic.css
Stack Trace:
#0 /opt/lampp/htdocs/cakephp/app/webroot/index.php(110): Dispatcher->dispatch(Object(CakeRequest), Object(CakeResponse))
#1 {main}
2016-09-17 02:47:40 Error: [MissingControllerException] Controller class CssController could not be found.
Exception Attributes: array (
  'class' => 'CssController',
  'plugin' => NULL,
)
Request URL: /cakephp/css/cakephp.generic.css
Stack Trace:
#0 /opt/lampp/htdocs/cakephp/app/webroot/index.php(110): Dispatcher->dispatch(Object(CakeRequest), Object(CakeResponse))
#1 {main}
2016-09-17 02:48:25 Error: [MissingControllerException] Controller class CssController could not be found.
Exception Attributes: array (
  'class' => 'CssController',
  'plugin' => NULL,
)
Request URL: /cakephp/css/cakephp.generic.css
Stack Trace:
#0 /opt/lampp/htdocs/cakephp/app/webroot/index.php(110): Dispatcher->dispatch(Object(CakeRequest), Object(CakeResponse))
#1 {main}
2016-09-17 02:53:42 Error: [MissingControllerException] Controller class CssController could not be found.
Exception Attributes: array (
  'class' => 'CssController',
  'plugin' => NULL,
)
Request URL: /cakephp/css/cakephp.generic.css
Stack Trace:
#0 /opt/lampp/htdocs/cakephp/app/webroot/index.php(110): Dispatcher->dispatch(Object(CakeRequest), Object(CakeResponse))
#1 {main}
2016-09-17 02:55:08 Error: [MissingControllerException] Controller class CssController could not be found.
Exception Attributes: array (
  'class' => 'CssController',
  'plugin' => NULL,
)
Request URL: /cakephp/css/cakephp.generic.css
Stack Trace:
#0 /opt/lampp/htdocs/cakephp/app/webroot/index.php(110): Dispatcher->dispatch(Object(CakeRequest), Object(CakeResponse))
#1 {main}
2016-09-17 02:55:31 Error: [MissingControllerException] Controller class CssController could not be found.
Exception Attributes: array (
  'class' => 'CssController',
  'plugin' => NULL,
)
Request URL: /cakephp/css/cakephp.generic.css
Stack Trace:
#0 /opt/lampp/htdocs/cakephp/app/webroot/index.php(110): Dispatcher->dispatch(Object(CakeRequest), Object(CakeResponse))
#1 {main}
2016-09-20 15:01:25 Error: [ParseError] syntax error, unexpected 'public' (T_PUBLIC)
Request URL: /cakephp/
Stack Trace:
#0 [internal function]: App::load('PostsController')
#1 [internal function]: spl_autoload_call('PostsController')
#2 /opt/lampp/htdocs/cakephp/lib/Cake/Routing/Dispatcher.php(266): class_exists('PostsController')
#3 /opt/lampp/htdocs/cakephp/lib/Cake/Routing/Dispatcher.php(235): Dispatcher->_loadController(Object(CakeRequest))
#4 /opt/lampp/htdocs/cakephp/lib/Cake/Routing/Dispatcher.php(158): Dispatcher->_getController(Object(CakeRequest), Object(CakeResponse))
#5 /opt/lampp/htdocs/cakephp/app/webroot/index.php(110): Dispatcher->dispatch(Object(CakeRequest), Object(CakeResponse))
#6 {main}
2016-09-20 15:37:32 Error: [ParseError] syntax error, unexpected 'array' (T_ARRAY), expecting ',' or ')'
Request URL: /cakephp/tasks/add
Stack Trace:
#0 /opt/lampp/htdocs/cakephp/lib/Cake/View/View.php(933): View->_evaluate('/opt/lampp/htdo...', Array)
#1 /opt/lampp/htdocs/cakephp/lib/Cake/View/View.php(473): View->_render('/opt/lampp/htdo...')
#2 /opt/lampp/htdocs/cakephp/lib/Cake/Controller/Controller.php(963): View->render(NULL, NULL)
#3 /opt/lampp/htdocs/cakephp/lib/Cake/Routing/Dispatcher.php(200): Controller->render()
#4 /opt/lampp/htdocs/cakephp/lib/Cake/Routing/Dispatcher.php(167): Dispatcher->_invoke(Object(TasksController), Object(CakeRequest))
#5 /opt/lampp/htdocs/cakephp/app/webroot/index.php(110): Dispatcher->dispatch(Object(CakeRequest), Object(CakeResponse))
#6 {main}
2016-09-20 15:38:11 Error: [MissingActionException] Action TasksController::add'() could not be found.
Exception Attributes: array (
  'controller' => 'TasksController',
  'action' => 'add\'',
)
Request URL: /cakephp/tasks/add'
Stack Trace:
#0 /opt/lampp/htdocs/cakephp/lib/Cake/Routing/Dispatcher.php(193): Controller->invokeAction(Object(CakeRequest))
#1 /opt/lampp/htdocs/cakephp/lib/Cake/Routing/Dispatcher.php(167): Dispatcher->_invoke(Object(TasksController), Object(CakeRequest))
#2 /opt/lampp/htdocs/cakephp/app/webroot/index.php(110): Dispatcher->dispatch(Object(CakeRequest), Object(CakeResponse))
#3 {main}
2016-09-20 16:09:46 Error: [TypeError] Argument 1 passed to Hash::filter() must be of the type array, null given, called in /opt/lampp/htdocs/cakephp/lib/Cake/View/Helper.php on line 576
Request URL: /cakephp/taskaccounts/add
Stack Trace:
#0 /opt/lampp/htdocs/cakephp/lib/Cake/View/Helper.php(576): Hash::filter(NULL)
#1 /opt/lampp/htdocs/cakephp/lib/Cake/View/Helper/FormHelper.php(1030): Helper->setEntity(Array)
#2 /opt/lampp/htdocs/cakephp/app/View/Taskaccounts/add.ctp(50): FormHelper->input(Array, 'notes')
#3 /opt/lampp/htdocs/cakephp/lib/Cake/View/View.php(971): include('/opt/lampp/htdo...')
#4 /opt/lampp/htdocs/cakephp/lib/Cake/View/View.php(933): View->_evaluate('/opt/lampp/htdo...', Array)
#5 /opt/lampp/htdocs/cakephp/lib/Cake/View/View.php(473): View->_render('/opt/lampp/htdo...')
#6 /opt/lampp/htdocs/cakephp/lib/Cake/Controller/Controller.php(963): View->render(NULL, NULL)
#7 /opt/lampp/htdocs/cakephp/lib/Cake/Routing/Dispatcher.php(200): Controller->render()
#8 /opt/lampp/htdocs/cakephp/lib/Cake/Routing/Dispatcher.php(167): Dispatcher->_invoke(Object(TaskaccountsController), Object(CakeRequest))
#9 /opt/lampp/htdocs/cakephp/app/webroot/index.php(110): Dispatcher->dispatch(Object(CakeRequest), Object(CakeResponse))
#10 {main}
2016-09-20 16:10:50 Error: [TypeError] Argument 1 passed to Hash::filter() must be of the type array, null given, called in /opt/lampp/htdocs/cakephp/lib/Cake/View/Helper.php on line 576
Request URL: /cakephp/taskaccounts/add
Stack Trace:
#0 /opt/lampp/htdocs/cakephp/lib/Cake/View/Helper.php(576): Hash::filter(NULL)
#1 /opt/lampp/htdocs/cakephp/lib/Cake/View/Helper/FormHelper.php(1030): Helper->setEntity(Array)
#2 /opt/lampp/htdocs/cakephp/app/View/Taskaccounts/add.ctp(50): FormHelper->input(Array, 'notes')
#3 /opt/lampp/htdocs/cakephp/lib/Cake/View/View.php(971): include('/opt/lampp/htdo...')
#4 /opt/lampp/htdocs/cakephp/lib/Cake/View/View.php(933): View->_evaluate('/opt/lampp/htdo...', Array)
#5 /opt/lampp/htdocs/cakephp/lib/Cake/View/View.php(473): View->_render('/opt/lampp/htdo...')
#6 /opt/lampp/htdocs/cakephp/lib/Cake/Controller/Controller.php(963): View->render(NULL, NULL)
#7 /opt/lampp/htdocs/cakephp/lib/Cake/Routing/Dispatcher.php(200): Controller->render()
#8 /opt/lampp/htdocs/cakephp/lib/Cake/Routing/Dispatcher.php(167): Dispatcher->_invoke(Object(TaskaccountsController), Object(CakeRequest))
#9 /opt/lampp/htdocs/cakephp/app/webroot/index.php(110): Dispatcher->dispatch(Object(CakeRequest), Object(CakeResponse))
#10 {main}
2016-09-21 19:15:11 Error: [ParseError] syntax error, unexpected 'public' (T_PUBLIC)
Request URL: /cakephp/
Stack Trace:
#0 [internal function]: App::load('PostsController')
#1 [internal function]: spl_autoload_call('PostsController')
#2 /opt/lampp/htdocs/cakephp/lib/Cake/Routing/Dispatcher.php(266): class_exists('PostsController')
#3 /opt/lampp/htdocs/cakephp/lib/Cake/Routing/Dispatcher.php(235): Dispatcher->_loadController(Object(CakeRequest))
#4 /opt/lampp/htdocs/cakephp/lib/Cake/Routing/Dispatcher.php(158): Dispatcher->_getController(Object(CakeRequest), Object(CakeResponse))
#5 /opt/lampp/htdocs/cakephp/app/webroot/index.php(110): Dispatcher->dispatch(Object(CakeRequest), Object(CakeResponse))
#6 {main}
2016-09-21 20:10:01 Error: [ParseError] syntax error, unexpected ')'
Request URL: /cakephp/taskaccounts/add
Stack Trace:
#0 /opt/lampp/htdocs/cakephp/lib/Cake/View/View.php(933): View->_evaluate('/opt/lampp/htdo...', Array)
#1 /opt/lampp/htdocs/cakephp/lib/Cake/View/View.php(473): View->_render('/opt/lampp/htdo...')
#2 /opt/lampp/htdocs/cakephp/lib/Cake/Controller/Controller.php(963): View->render(NULL, NULL)
#3 /opt/lampp/htdocs/cakephp/lib/Cake/Routing/Dispatcher.php(200): Controller->render()
#4 /opt/lampp/htdocs/cakephp/lib/Cake/Routing/Dispatcher.php(167): Dispatcher->_invoke(Object(TaskaccountsController), Object(CakeRequest))
#5 /opt/lampp/htdocs/cakephp/app/webroot/index.php(110): Dispatcher->dispatch(Object(CakeRequest), Object(CakeResponse))
#6 {main}
2016-09-21 20:10:07 Error: [ParseError] syntax error, unexpected ')'
Request URL: /cakephp/taskaccounts/add
Stack Trace:
#0 /opt/lampp/htdocs/cakephp/lib/Cake/View/View.php(933): View->_evaluate('/opt/lampp/htdo...', Array)
#1 /opt/lampp/htdocs/cakephp/lib/Cake/View/View.php(473): View->_render('/opt/lampp/htdo...')
#2 /opt/lampp/htdocs/cakephp/lib/Cake/Controller/Controller.php(963): View->render(NULL, NULL)
#3 /opt/lampp/htdocs/cakephp/lib/Cake/Routing/Dispatcher.php(200): Controller->render()
#4 /opt/lampp/htdocs/cakephp/lib/Cake/Routing/Dispatcher.php(167): Dispatcher->_invoke(Object(TaskaccountsController), Object(CakeRequest))
#5 /opt/lampp/htdocs/cakephp/app/webroot/index.php(110): Dispatcher->dispatch(Object(CakeRequest), Object(CakeResponse))
#6 {main}
2016-09-21 20:17:31 Error: [ParseError] syntax error, unexpected ''placeholder'' (T_CONSTANT_ENCAPSED_STRING), expecting ')'
Request URL: /cakephp/taskaccounts/add
Stack Trace:
#0 /opt/lampp/htdocs/cakephp/lib/Cake/View/View.php(933): View->_evaluate('/opt/lampp/htdo...', Array)
#1 /opt/lampp/htdocs/cakephp/lib/Cake/View/View.php(473): View->_render('/opt/lampp/htdo...')
#2 /opt/lampp/htdocs/cakephp/lib/Cake/Controller/Controller.php(963): View->render(NULL, NULL)
#3 /opt/lampp/htdocs/cakephp/lib/Cake/Routing/Dispatcher.php(200): Controller->render()
#4 /opt/lampp/htdocs/cakephp/lib/Cake/Routing/Dispatcher.php(167): Dispatcher->_invoke(Object(TaskaccountsController), Object(CakeRequest))
#5 /opt/lampp/htdocs/cakephp/app/webroot/index.php(110): Dispatcher->dispatch(Object(CakeRequest), Object(CakeResponse))
#6 {main}
2016-09-21 20:18:03 Error: [ParseError] syntax error, unexpected ''placeholder'' (T_CONSTANT_ENCAPSED_STRING), expecting ')'
Request URL: /cakephp/taskaccounts/add
Stack Trace:
#0 /opt/lampp/htdocs/cakephp/lib/Cake/View/View.php(933): View->_evaluate('/opt/lampp/htdo...', Array)
#1 /opt/lampp/htdocs/cakephp/lib/Cake/View/View.php(473): View->_render('/opt/lampp/htdo...')
#2 /opt/lampp/htdocs/cakephp/lib/Cake/Controller/Controller.php(963): View->render(NULL, NULL)
#3 /opt/lampp/htdocs/cakephp/lib/Cake/Routing/Dispatcher.php(200): Controller->render()
#4 /opt/lampp/htdocs/cakephp/lib/Cake/Routing/Dispatcher.php(167): Dispatcher->_invoke(Object(TaskaccountsController), Object(CakeRequest))
#5 /opt/lampp/htdocs/cakephp/app/webroot/index.php(110): Dispatcher->dispatch(Object(CakeRequest), Object(CakeResponse))
#6 {main}
2016-09-21 20:18:16 Error: [ParseError] syntax error, unexpected ''placeholder'' (T_CONSTANT_ENCAPSED_STRING), expecting ')'
Request URL: /cakephp/taskaccounts/add
Stack Trace:
#0 /opt/lampp/htdocs/cakephp/lib/Cake/View/View.php(933): View->_evaluate('/opt/lampp/htdo...', Array)
#1 /opt/lampp/htdocs/cakephp/lib/Cake/View/View.php(473): View->_render('/opt/lampp/htdo...')
#2 /opt/lampp/htdocs/cakephp/lib/Cake/Controller/Controller.php(963): View->render(NULL, NULL)
#3 /opt/lampp/htdocs/cakephp/lib/Cake/Routing/Dispatcher.php(200): Controller->render()
#4 /opt/lampp/htdocs/cakephp/lib/Cake/Routing/Dispatcher.php(167): Dispatcher->_invoke(Object(TaskaccountsController), Object(CakeRequest))
#5 /opt/lampp/htdocs/cakephp/app/webroot/index.php(110): Dispatcher->dispatch(Object(CakeRequest), Object(CakeResponse))
#6 {main}
2016-09-21 20:18:54 Error: [ParseError] syntax error, unexpected ''placeholder'' (T_CONSTANT_ENCAPSED_STRING), expecting ')'
Request URL: /cakephp/taskaccounts/add
Stack Trace:
#0 /opt/lampp/htdocs/cakephp/lib/Cake/View/View.php(933): View->_evaluate('/opt/lampp/htdo...', Array)
#1 /opt/lampp/htdocs/cakephp/lib/Cake/View/View.php(473): View->_render('/opt/lampp/htdo...')
#2 /opt/lampp/htdocs/cakephp/lib/Cake/Controller/Controller.php(963): View->render(NULL, NULL)
#3 /opt/lampp/htdocs/cakephp/lib/Cake/Routing/Dispatcher.php(200): Controller->render()
#4 /opt/lampp/htdocs/cakephp/lib/Cake/Routing/Dispatcher.php(167): Dispatcher->_invoke(Object(TaskaccountsController), Object(CakeRequest))
#5 /opt/lampp/htdocs/cakephp/app/webroot/index.php(110): Dispatcher->dispatch(Object(CakeRequest), Object(CakeResponse))
#6 {main}
2016-09-21 20:19:05 Error: [ParseError] syntax error, unexpected ''placeholder'' (T_CONSTANT_ENCAPSED_STRING), expecting ')'
Request URL: /cakephp/taskaccounts/add
Stack Trace:
#0 /opt/lampp/htdocs/cakephp/lib/Cake/View/View.php(933): View->_evaluate('/opt/lampp/htdo...', Array)
#1 /opt/lampp/htdocs/cakephp/lib/Cake/View/View.php(473): View->_render('/opt/lampp/htdo...')
#2 /opt/lampp/htdocs/cakephp/lib/Cake/Controller/Controller.php(963): View->render(NULL, NULL)
#3 /opt/lampp/htdocs/cakephp/lib/Cake/Routing/Dispatcher.php(200): Controller->render()
#4 /opt/lampp/htdocs/cakephp/lib/Cake/Routing/Dispatcher.php(167): Dispatcher->_invoke(Object(TaskaccountsController), Object(CakeRequest))
#5 /opt/lampp/htdocs/cakephp/app/webroot/index.php(110): Dispatcher->dispatch(Object(CakeRequest), Object(CakeResponse))
#6 {main}
2016-09-22 16:16:42 Error: [MissingControllerException] Controller class CssController could not be found.
Exception Attributes: array (
  'class' => 'CssController',
  'plugin' => NULL,
)
Request URL: /cakephp/css/cakephp.generic.css
Stack Trace:
#0 /opt/lampp/htdocs/cakephp/app/webroot/index.php(110): Dispatcher->dispatch(Object(CakeRequest), Object(CakeResponse))
#1 {main}
2016-09-22 16:21:01 Error: [MissingControllerException] Controller class FontsController could not be found.
Exception Attributes: array (
  'class' => 'FontsController',
  'plugin' => NULL,
)
Request URL: /cakephp/fonts/raleway-regular.woff
Stack Trace:
#0 /opt/lampp/htdocs/cakephp/app/webroot/index.php(110): Dispatcher->dispatch(Object(CakeRequest), Object(CakeResponse))
#1 {main}
2016-09-22 16:21:01 Error: [MissingControllerException] Controller class FontsController could not be found.
Exception Attributes: array (
  'class' => 'FontsController',
  'plugin' => NULL,
)
Request URL: /cakephp/fonts/raleway-regular.ttf
Stack Trace:
#0 /opt/lampp/htdocs/cakephp/app/webroot/index.php(110): Dispatcher->dispatch(Object(CakeRequest), Object(CakeResponse))
#1 {main}
2016-09-22 16:21:06 Error: [MissingControllerException] Controller class FontsController could not be found.
Exception Attributes: array (
  'class' => 'FontsController',
  'plugin' => NULL,
)
Request URL: /cakephp/fonts/raleway-regular.woff
Stack Trace:
#0 /opt/lampp/htdocs/cakephp/app/webroot/index.php(110): Dispatcher->dispatch(Object(CakeRequest), Object(CakeResponse))
#1 {main}
2016-09-22 16:21:06 Error: [MissingControllerException] Controller class FontsController could not be found.
Exception Attributes: array (
  'class' => 'FontsController',
  'plugin' => NULL,
)
Request URL: /cakephp/fonts/raleway-regular.ttf
Stack Trace:
#0 /opt/lampp/htdocs/cakephp/app/webroot/index.php(110): Dispatcher->dispatch(Object(CakeRequest), Object(CakeResponse))
#1 {main}
2016-09-22 16:24:51 Error: [TypeError] Argument 1 passed to Hash::filter() must be of the type array, null given, called in /opt/lampp/htdocs/cakephp/lib/Cake/View/Helper.php on line 576
Request URL: /cakephp/taskaccounts/add
Stack Trace:
#0 /opt/lampp/htdocs/cakephp/lib/Cake/View/Helper.php(576): Hash::filter(NULL)
#1 /opt/lampp/htdocs/cakephp/lib/Cake/View/Helper/FormHelper.php(1030): Helper->setEntity(Array)
#2 /opt/lampp/htdocs/cakephp/app/View/Taskaccounts/add.ctp(8): FormHelper->input(Array)
#3 /opt/lampp/htdocs/cakephp/lib/Cake/View/View.php(971): include('/opt/lampp/htdo...')
#4 /opt/lampp/htdocs/cakephp/lib/Cake/View/View.php(933): View->_evaluate('/opt/lampp/htdo...', Array)
#5 /opt/lampp/htdocs/cakephp/lib/Cake/View/View.php(473): View->_render('/opt/lampp/htdo...')
#6 /opt/lampp/htdocs/cakephp/lib/Cake/Controller/Controller.php(963): View->render(NULL, NULL)
#7 /opt/lampp/htdocs/cakephp/lib/Cake/Routing/Dispatcher.php(200): Controller->render()
#8 /opt/lampp/htdocs/cakephp/lib/Cake/Routing/Dispatcher.php(167): Dispatcher->_invoke(Object(TaskaccountsController), Object(CakeRequest))
#9 /opt/lampp/htdocs/cakephp/app/webroot/index.php(110): Dispatcher->dispatch(Object(CakeRequest), Object(CakeResponse))
#10 {main}
2016-09-22 16:25:35 Error: [ParseError] syntax error, unexpected ''label'' (T_CONSTANT_ENCAPSED_STRING), expecting ')'
Request URL: /cakephp/taskaccounts/add
Stack Trace:
#0 /opt/lampp/htdocs/cakephp/lib/Cake/View/View.php(933): View->_evaluate('/opt/lampp/htdo...', Array)
#1 /opt/lampp/htdocs/cakephp/lib/Cake/View/View.php(473): View->_render('/opt/lampp/htdo...')
#2 /opt/lampp/htdocs/cakephp/lib/Cake/Controller/Controller.php(963): View->render(NULL, NULL)
#3 /opt/lampp/htdocs/cakephp/lib/Cake/Routing/Dispatcher.php(200): Controller->render()
#4 /opt/lampp/htdocs/cakephp/lib/Cake/Routing/Dispatcher.php(167): Dispatcher->_invoke(Object(TaskaccountsController), Object(CakeRequest))
#5 /opt/lampp/htdocs/cakephp/app/webroot/index.php(110): Dispatcher->dispatch(Object(CakeRequest), Object(CakeResponse))
#6 {main}
2016-09-22 16:28:49 Error: [ParseError] syntax error, unexpected '$taskListHome' (T_VARIABLE)
Request URL: /cakephp/taskaccounts/add
Stack Trace:
#0 /opt/lampp/htdocs/cakephp/lib/Cake/View/View.php(933): View->_evaluate('/opt/lampp/htdo...', Array)
#1 /opt/lampp/htdocs/cakephp/lib/Cake/View/View.php(546): View->_render('/opt/lampp/htdo...')
#2 /opt/lampp/htdocs/cakephp/lib/Cake/View/View.php(481): View->renderLayout('<div class="tas...', 'default')
#3 /opt/lampp/htdocs/cakephp/lib/Cake/Controller/Controller.php(963): View->render(NULL, 'default')
#4 /opt/lampp/htdocs/cakephp/lib/Cake/Routing/Dispatcher.php(200): Controller->render()
#5 /opt/lampp/htdocs/cakephp/lib/Cake/Routing/Dispatcher.php(167): Dispatcher->_invoke(Object(TaskaccountsController), Object(CakeRequest))
#6 /opt/lampp/htdocs/cakephp/app/webroot/index.php(110): Dispatcher->dispatch(Object(CakeRequest), Object(CakeResponse))
#7 {main}
2016-09-22 16:28:49 Error: Fatal Error (16): Exception thrown without a stack frame in [Unknown, line 0]
2016-09-22 16:28:49 Error: [FatalErrorException] Exception thrown without a stack frame
Request URL: /cakephp/taskaccounts/add
Stack Trace:
#0 /opt/lampp/htdocs/cakephp/lib/Cake/Error/ErrorHandler.php(213): ErrorHandler::handleFatalError(16, 'Exception throw...', 'Unknown', 0)
#1 /opt/lampp/htdocs/cakephp/lib/Cake/Core/App.php(970): ErrorHandler::handleError(16, 'Exception throw...', 'Unknown', 0, Array)
#2 /opt/lampp/htdocs/cakephp/lib/Cake/Core/App.php(943): App::_checkFatalError()
#3 [internal function]: App::shutdown()
#4 {main}
2016-09-22 16:29:32 Error: [MissingControllerException] Controller class CssController could not be found.
Exception Attributes: array (
  'class' => 'CssController',
  'plugin' => NULL,
)
Request URL: /cakephp/css/ProductivityAppStylesheetta.css
Stack Trace:
#0 /opt/lampp/htdocs/cakephp/app/webroot/index.php(110): Dispatcher->dispatch(Object(CakeRequest), Object(CakeResponse))
#1 {main}
2016-09-22 16:38:25 Error: [ParseError] syntax error, unexpected 'echo' (T_ECHO), expecting ',' or ';'
Request URL: /cakephp/taskaccounts/add
Stack Trace:
#0 /opt/lampp/htdocs/cakephp/lib/Cake/View/View.php(933): View->_evaluate('/opt/lampp/htdo...', Array)
#1 /opt/lampp/htdocs/cakephp/lib/Cake/View/View.php(473): View->_render('/opt/lampp/htdo...')
#2 /opt/lampp/htdocs/cakephp/lib/Cake/Controller/Controller.php(963): View->render(NULL, NULL)
#3 /opt/lampp/htdocs/cakephp/lib/Cake/Routing/Dispatcher.php(200): Controller->render()
#4 /opt/lampp/htdocs/cakephp/lib/Cake/Routing/Dispatcher.php(167): Dispatcher->_invoke(Object(TaskaccountsController), Object(CakeRequest))
#5 /opt/lampp/htdocs/cakephp/app/webroot/index.php(110): Dispatcher->dispatch(Object(CakeRequest), Object(CakeResponse))
#6 {main}
2016-09-22 16:44:00 Error: [ParseError] syntax error, unexpected ''width'' (T_CONSTANT_ENCAPSED_STRING), expecting ')'
Request URL: /cakephp/taskaccounts/add
Stack Trace:
#0 /opt/lampp/htdocs/cakephp/lib/Cake/View/View.php(933): View->_evaluate('/opt/lampp/htdo...', Array)
#1 /opt/lampp/htdocs/cakephp/lib/Cake/View/View.php(473): View->_render('/opt/lampp/htdo...')
#2 /opt/lampp/htdocs/cakephp/lib/Cake/Controller/Controller.php(963): View->render(NULL, NULL)
#3 /opt/lampp/htdocs/cakephp/lib/Cake/Routing/Dispatcher.php(200): Controller->render()
#4 /opt/lampp/htdocs/cakephp/lib/Cake/Routing/Dispatcher.php(167): Dispatcher->_invoke(Object(TaskaccountsController), Object(CakeRequest))
#5 /opt/lampp/htdocs/cakephp/app/webroot/index.php(110): Dispatcher->dispatch(Object(CakeRequest), Object(CakeResponse))
#6 {main}
2016-09-22 16:54:45 Error: [ParseError] syntax error, unexpected ''label'' (T_CONSTANT_ENCAPSED_STRING), expecting ')'
Request URL: /cakephp/taskaccounts/add
Stack Trace:
#0 /opt/lampp/htdocs/cakephp/lib/Cake/View/View.php(933): View->_evaluate('/opt/lampp/htdo...', Array)
#1 /opt/lampp/htdocs/cakephp/lib/Cake/View/View.php(473): View->_render('/opt/lampp/htdo...')
#2 /opt/lampp/htdocs/cakephp/lib/Cake/Controller/Controller.php(963): View->render(NULL, NULL)
#3 /opt/lampp/htdocs/cakephp/lib/Cake/Routing/Dispatcher.php(200): Controller->render()
#4 /opt/lampp/htdocs/cakephp/lib/Cake/Routing/Dispatcher.php(167): Dispatcher->_invoke(Object(TaskaccountsController), Object(CakeRequest))
#5 /opt/lampp/htdocs/cakephp/app/webroot/index.php(110): Dispatcher->dispatch(Object(CakeRequest), Object(CakeResponse))
#6 {main}
2016-09-22 16:56:22 Error: [ParseError] syntax error, unexpected '<'
Request URL: /cakephp/taskaccounts/add
Stack Trace:
#0 /opt/lampp/htdocs/cakephp/lib/Cake/View/View.php(933): View->_evaluate('/opt/lampp/htdo...', Array)
#1 /opt/lampp/htdocs/cakephp/lib/Cake/View/View.php(473): View->_render('/opt/lampp/htdo...')
#2 /opt/lampp/htdocs/cakephp/lib/Cake/Controller/Controller.php(963): View->render(NULL, NULL)
#3 /opt/lampp/htdocs/cakephp/lib/Cake/Routing/Dispatcher.php(200): Controller->render()
#4 /opt/lampp/htdocs/cakephp/lib/Cake/Routing/Dispatcher.php(167): Dispatcher->_invoke(Object(TaskaccountsController), Object(CakeRequest))
#5 /opt/lampp/htdocs/cakephp/app/webroot/index.php(110): Dispatcher->dispatch(Object(CakeRequest), Object(CakeResponse))
#6 {main}
2016-09-22 17:09:20 Error: [ParseError] syntax error, unexpected ''attributes'' (T_CONSTANT_ENCAPSED_STRING), expecting ')'
Request URL: /cakephp/taskaccounts/add
Stack Trace:
#0 /opt/lampp/htdocs/cakephp/lib/Cake/View/View.php(933): View->_evaluate('/opt/lampp/htdo...', Array)
#1 /opt/lampp/htdocs/cakephp/lib/Cake/View/View.php(473): View->_render('/opt/lampp/htdo...')
#2 /opt/lampp/htdocs/cakephp/lib/Cake/Controller/Controller.php(963): View->render(NULL, NULL)
#3 /opt/lampp/htdocs/cakephp/lib/Cake/Routing/Dispatcher.php(200): Controller->render()
#4 /opt/lampp/htdocs/cakephp/lib/Cake/Routing/Dispatcher.php(167): Dispatcher->_invoke(Object(TaskaccountsController), Object(CakeRequest))
#5 /opt/lampp/htdocs/cakephp/app/webroot/index.php(110): Dispatcher->dispatch(Object(CakeRequest), Object(CakeResponse))
#6 {main}
2016-09-22 17:09:28 Error: [ParseError] syntax error, unexpected ''attributes'' (T_CONSTANT_ENCAPSED_STRING), expecting ')'
Request URL: /cakephp/taskaccounts/add
Stack Trace:
#0 /opt/lampp/htdocs/cakephp/lib/Cake/View/View.php(933): View->_evaluate('/opt/lampp/htdo...', Array)
#1 /opt/lampp/htdocs/cakephp/lib/Cake/View/View.php(473): View->_render('/opt/lampp/htdo...')
#2 /opt/lampp/htdocs/cakephp/lib/Cake/Controller/Controller.php(963): View->render(NULL, NULL)
#3 /opt/lampp/htdocs/cakephp/lib/Cake/Routing/Dispatcher.php(200): Controller->render()
#4 /opt/lampp/htdocs/cakephp/lib/Cake/Routing/Dispatcher.php(167): Dispatcher->_invoke(Object(TaskaccountsController), Object(CakeRequest))
#5 /opt/lampp/htdocs/cakephp/app/webroot/index.php(110): Dispatcher->dispatch(Object(CakeRequest), Object(CakeResponse))
#6 {main}
2016-09-22 17:09:31 Error: [ParseError] syntax error, unexpected ''attributes'' (T_CONSTANT_ENCAPSED_STRING), expecting ')'
Request URL: /cakephp/taskaccounts/add
Stack Trace:
#0 /opt/lampp/htdocs/cakephp/lib/Cake/View/View.php(933): View->_evaluate('/opt/lampp/htdo...', Array)
#1 /opt/lampp/htdocs/cakephp/lib/Cake/View/View.php(473): View->_render('/opt/lampp/htdo...')
#2 /opt/lampp/htdocs/cakephp/lib/Cake/Controller/Controller.php(963): View->render(NULL, NULL)
#3 /opt/lampp/htdocs/cakephp/lib/Cake/Routing/Dispatcher.php(200): Controller->render()
#4 /opt/lampp/htdocs/cakephp/lib/Cake/Routing/Dispatcher.php(167): Dispatcher->_invoke(Object(TaskaccountsController), Object(CakeRequest))
#5 /opt/lampp/htdocs/cakephp/app/webroot/index.php(110): Dispatcher->dispatch(Object(CakeRequest), Object(CakeResponse))
#6 {main}
2016-09-22 17:09:46 Error: [ParseError] syntax error, unexpected ''attributes'' (T_CONSTANT_ENCAPSED_STRING), expecting ')'
Request URL: /cakephp/taskaccounts/add
Stack Trace:
#0 /opt/lampp/htdocs/cakephp/lib/Cake/View/View.php(933): View->_evaluate('/opt/lampp/htdo...', Array)
#1 /opt/lampp/htdocs/cakephp/lib/Cake/View/View.php(473): View->_render('/opt/lampp/htdo...')
#2 /opt/lampp/htdocs/cakephp/lib/Cake/Controller/Controller.php(963): View->render(NULL, NULL)
#3 /opt/lampp/htdocs/cakephp/lib/Cake/Routing/Dispatcher.php(200): Controller->render()
#4 /opt/lampp/htdocs/cakephp/lib/Cake/Routing/Dispatcher.php(167): Dispatcher->_invoke(Object(TaskaccountsController), Object(CakeRequest))
#5 /opt/lampp/htdocs/cakephp/app/webroot/index.php(110): Dispatcher->dispatch(Object(CakeRequest), Object(CakeResponse))
#6 {main}
2016-09-22 21:12:25 Error: [ParseError] syntax error, unexpected ';', expecting ',' or ')'
Request URL: /cakephp/taskaccounts/add
Stack Trace:
#0 /opt/lampp/htdocs/cakephp/lib/Cake/View/View.php(933): View->_evaluate('/opt/lampp/htdo...', Array)
#1 /opt/lampp/htdocs/cakephp/lib/Cake/View/View.php(473): View->_render('/opt/lampp/htdo...')
#2 /opt/lampp/htdocs/cakephp/lib/Cake/Controller/Controller.php(963): View->render(NULL, NULL)
#3 /opt/lampp/htdocs/cakephp/lib/Cake/Routing/Dispatcher.php(200): Controller->render()
#4 /opt/lampp/htdocs/cakephp/lib/Cake/Routing/Dispatcher.php(167): Dispatcher->_invoke(Object(TaskaccountsController), Object(CakeRequest))
#5 /opt/lampp/htdocs/cakephp/app/webroot/index.php(110): Dispatcher->dispatch(Object(CakeRequest), Object(CakeResponse))
#6 {main}
2016-09-22 21:13:06 Error: [ParseError] syntax error, unexpected ';', expecting ',' or ')'
Request URL: /cakephp/taskaccounts/add
Stack Trace:
#0 /opt/lampp/htdocs/cakephp/lib/Cake/View/View.php(933): View->_evaluate('/opt/lampp/htdo...', Array)
#1 /opt/lampp/htdocs/cakephp/lib/Cake/View/View.php(473): View->_render('/opt/lampp/htdo...')
#2 /opt/lampp/htdocs/cakephp/lib/Cake/Controller/Controller.php(963): View->render(NULL, NULL)
#3 /opt/lampp/htdocs/cakephp/lib/Cake/Routing/Dispatcher.php(200): Controller->render()
#4 /opt/lampp/htdocs/cakephp/lib/Cake/Routing/Dispatcher.php(167): Dispatcher->_invoke(Object(TaskaccountsController), Object(CakeRequest))
#5 /opt/lampp/htdocs/cakephp/app/webroot/index.php(110): Dispatcher->dispatch(Object(CakeRequest), Object(CakeResponse))
#6 {main}
2016-09-22 21:38:05 Error: [NotFoundException] Invalid taskaccount
Request URL: /cakephp/taskaccounts/edit
Stack Trace:
#0 [internal function]: TaskaccountsController->edit()
#1 /opt/lampp/htdocs/cakephp/lib/Cake/Controller/Controller.php(491): ReflectionMethod->invokeArgs(Object(TaskaccountsController), Array)
#2 /opt/lampp/htdocs/cakephp/lib/Cake/Routing/Dispatcher.php(193): Controller->invokeAction(Object(CakeRequest))
#3 /opt/lampp/htdocs/cakephp/lib/Cake/Routing/Dispatcher.php(167): Dispatcher->_invoke(Object(TaskaccountsController), Object(CakeRequest))
#4 /opt/lampp/htdocs/cakephp/app/webroot/index.php(110): Dispatcher->dispatch(Object(CakeRequest), Object(CakeResponse))
#5 {main}
2016-09-22 22:03:15 Error: [ParseError] syntax error, unexpected '$options' (T_VARIABLE), expecting '('
Request URL: /cakephp/taskaccounts/add
Stack Trace:
#0 /opt/lampp/htdocs/cakephp/lib/Cake/View/View.php(933): View->_evaluate('/opt/lampp/htdo...', Array)
#1 /opt/lampp/htdocs/cakephp/lib/Cake/View/View.php(473): View->_render('/opt/lampp/htdo...')
#2 /opt/lampp/htdocs/cakephp/lib/Cake/Controller/Controller.php(963): View->render(NULL, NULL)
#3 /opt/lampp/htdocs/cakephp/lib/Cake/Routing/Dispatcher.php(200): Controller->render()
#4 /opt/lampp/htdocs/cakephp/lib/Cake/Routing/Dispatcher.php(167): Dispatcher->_invoke(Object(TaskaccountsController), Object(CakeRequest))
#5 /opt/lampp/htdocs/cakephp/app/webroot/index.php(110): Dispatcher->dispatch(Object(CakeRequest), Object(CakeResponse))
#6 {main}
2016-09-22 22:03:22 Error: [ParseError] syntax error, unexpected '$options' (T_VARIABLE), expecting '('
Request URL: /cakephp/taskaccounts/add
Stack Trace:
#0 /opt/lampp/htdocs/cakephp/lib/Cake/View/View.php(933): View->_evaluate('/opt/lampp/htdo...', Array)
#1 /opt/lampp/htdocs/cakephp/lib/Cake/View/View.php(473): View->_render('/opt/lampp/htdo...')
#2 /opt/lampp/htdocs/cakephp/lib/Cake/Controller/Controller.php(963): View->render(NULL, NULL)
#3 /opt/lampp/htdocs/cakephp/lib/Cake/Routing/Dispatcher.php(200): Controller->render()
#4 /opt/lampp/htdocs/cakephp/lib/Cake/Routing/Dispatcher.php(167): Dispatcher->_invoke(Object(TaskaccountsController), Object(CakeRequest))
#5 /opt/lampp/htdocs/cakephp/app/webroot/index.php(110): Dispatcher->dispatch(Object(CakeRequest), Object(CakeResponse))
#6 {main}
2016-09-24 01:00:11 Error: [MissingActionException] Action TaskaccountsController::Location.html() could not be found.
Exception Attributes: array (
  'controller' => 'TaskaccountsController',
  'action' => 'Location.html',
)
Request URL: /cakephp/taskaccounts/Location.html
Stack Trace:
#0 /opt/lampp/htdocs/cakephp/lib/Cake/Routing/Dispatcher.php(193): Controller->invokeAction(Object(CakeRequest))
#1 /opt/lampp/htdocs/cakephp/lib/Cake/Routing/Dispatcher.php(167): Dispatcher->_invoke(Object(TaskaccountsController), Object(CakeRequest))
#2 /opt/lampp/htdocs/cakephp/app/webroot/index.php(110): Dispatcher->dispatch(Object(CakeRequest), Object(CakeResponse))
#3 {main}
2016-09-24 01:07:35 Error: [NotFoundException] Invalid taskaccount
Request URL: /cakephp/taskaccounts/edit/Location.html
Stack Trace:
#0 [internal function]: TaskaccountsController->edit('Location.html')
#1 /opt/lampp/htdocs/cakephp/lib/Cake/Controller/Controller.php(491): ReflectionMethod->invokeArgs(Object(TaskaccountsController), Array)
#2 /opt/lampp/htdocs/cakephp/lib/Cake/Routing/Dispatcher.php(193): Controller->invokeAction(Object(CakeRequest))
#3 /opt/lampp/htdocs/cakephp/lib/Cake/Routing/Dispatcher.php(167): Dispatcher->_invoke(Object(TaskaccountsController), Object(CakeRequest))
#4 /opt/lampp/htdocs/cakephp/app/webroot/index.php(110): Dispatcher->dispatch(Object(CakeRequest), Object(CakeResponse))
#5 {main}
2016-09-26 14:07:10 Error: [ParseError] syntax error, unexpected ''class'' (T_CONSTANT_ENCAPSED_STRING), expecting ')'
Request URL: /cakephp/taskaccounts/edit/12
Stack Trace:
#0 /opt/lampp/htdocs/cakephp/lib/Cake/View/View.php(933): View->_evaluate('/opt/lampp/htdo...', Array)
#1 /opt/lampp/htdocs/cakephp/lib/Cake/View/View.php(473): View->_render('/opt/lampp/htdo...')
#2 /opt/lampp/htdocs/cakephp/lib/Cake/Controller/Controller.php(963): View->render(NULL, NULL)
#3 /opt/lampp/htdocs/cakephp/lib/Cake/Routing/Dispatcher.php(200): Controller->render()
#4 /opt/lampp/htdocs/cakephp/lib/Cake/Routing/Dispatcher.php(167): Dispatcher->_invoke(Object(TaskaccountsController), Object(CakeRequest))
#5 /opt/lampp/htdocs/cakephp/app/webroot/index.php(110): Dispatcher->dispatch(Object(CakeRequest), Object(CakeResponse))
#6 {main}
2016-09-26 14:17:58 Error: [ParseError] syntax error, unexpected '=>' (T_DOUBLE_ARROW), expecting ',' or ')'
Request URL: /cakephp/taskaccounts/edit/12
Stack Trace:
#0 /opt/lampp/htdocs/cakephp/lib/Cake/View/View.php(933): View->_evaluate('/opt/lampp/htdo...', Array)
#1 /opt/lampp/htdocs/cakephp/lib/Cake/View/View.php(473): View->_render('/opt/lampp/htdo...')
#2 /opt/lampp/htdocs/cakephp/lib/Cake/Controller/Controller.php(963): View->render(NULL, NULL)
#3 /opt/lampp/htdocs/cakephp/lib/Cake/Routing/Dispatcher.php(200): Controller->render()
#4 /opt/lampp/htdocs/cakephp/lib/Cake/Routing/Dispatcher.php(167): Dispatcher->_invoke(Object(TaskaccountsController), Object(CakeRequest))
#5 /opt/lampp/htdocs/cakephp/app/webroot/index.php(110): Dispatcher->dispatch(Object(CakeRequest), Object(CakeResponse))
#6 {main}
2016-09-26 15:24:09 Error: [ParseError] syntax error, unexpected ';', expecting ',' or ')'
Request URL: /cakephp/taskaccounts/add
Stack Trace:
#0 /opt/lampp/htdocs/cakephp/lib/Cake/View/View.php(933): View->_evaluate('/opt/lampp/htdo...', Array)
#1 /opt/lampp/htdocs/cakephp/lib/Cake/View/View.php(473): View->_render('/opt/lampp/htdo...')
#2 /opt/lampp/htdocs/cakephp/lib/Cake/Controller/Controller.php(963): View->render(NULL, NULL)
#3 /opt/lampp/htdocs/cakephp/lib/Cake/Routing/Dispatcher.php(200): Controller->render()
#4 /opt/lampp/htdocs/cakephp/lib/Cake/Routing/Dispatcher.php(167): Dispatcher->_invoke(Object(TaskaccountsController), Object(CakeRequest))
#5 /opt/lampp/htdocs/cakephp/app/webroot/index.php(110): Dispatcher->dispatch(Object(CakeRequest), Object(CakeResponse))
#6 {main}
2016-09-26 16:11:10 Error: [NotFoundException] Invalid subtask
Request URL: /cakephp/subtasks/edit
Stack Trace:
#0 [internal function]: SubtasksController->edit()
#1 /opt/lampp/htdocs/cakephp/lib/Cake/Controller/Controller.php(491): ReflectionMethod->invokeArgs(Object(SubtasksController), Array)
#2 /opt/lampp/htdocs/cakephp/lib/Cake/Routing/Dispatcher.php(193): Controller->invokeAction(Object(CakeRequest))
#3 /opt/lampp/htdocs/cakephp/lib/Cake/Routing/Dispatcher.php(167): Dispatcher->_invoke(Object(SubtasksController), Object(CakeRequest))
#4 /opt/lampp/htdocs/cakephp/app/webroot/index.php(110): Dispatcher->dispatch(Object(CakeRequest), Object(CakeResponse))
#5 {main}
2016-09-26 16:38:46 Error: [ParseError] syntax error, unexpected 'previous' (T_STRING), expecting ',' or ')'
Request URL: /cakephp/subtasks
Stack Trace:
#0 /opt/lampp/htdocs/cakephp/lib/Cake/View/View.php(933): View->_evaluate('/opt/lampp/htdo...', Array)
#1 /opt/lampp/htdocs/cakephp/lib/Cake/View/View.php(473): View->_render('/opt/lampp/htdo...')
#2 /opt/lampp/htdocs/cakephp/lib/Cake/Controller/Controller.php(963): View->render(NULL, NULL)
#3 /opt/lampp/htdocs/cakephp/lib/Cake/Routing/Dispatcher.php(200): Controller->render()
#4 /opt/lampp/htdocs/cakephp/lib/Cake/Routing/Dispatcher.php(167): Dispatcher->_invoke(Object(SubtasksController), Object(CakeRequest))
#5 /opt/lampp/htdocs/cakephp/app/webroot/index.php(110): Dispatcher->dispatch(Object(CakeRequest), Object(CakeResponse))
#6 {main}
2016-09-26 16:39:02 Error: [ParseError] syntax error, unexpected ';', expecting ',' or ')'
Request URL: /cakephp/subtasks
Stack Trace:
#0 /opt/lampp/htdocs/cakephp/lib/Cake/View/View.php(933): View->_evaluate('/opt/lampp/htdo...', Array)
#1 /opt/lampp/htdocs/cakephp/lib/Cake/View/View.php(473): View->_render('/opt/lampp/htdo...')
#2 /opt/lampp/htdocs/cakephp/lib/Cake/Controller/Controller.php(963): View->render(NULL, NULL)
#3 /opt/lampp/htdocs/cakephp/lib/Cake/Routing/Dispatcher.php(200): Controller->render()
#4 /opt/lampp/htdocs/cakephp/lib/Cake/Routing/Dispatcher.php(167): Dispatcher->_invoke(Object(SubtasksController), Object(CakeRequest))
#5 /opt/lampp/htdocs/cakephp/app/webroot/index.php(110): Dispatcher->dispatch(Object(CakeRequest), Object(CakeResponse))
#6 {main}
2016-09-27 19:42:02 Error: [NotFoundException] Invalid taskaccount
Request URL: /cakephp/taskaccounts/view
Stack Trace:
#0 [internal function]: TaskaccountsController->view()
#1 /opt/lampp/htdocs/cakephp/lib/Cake/Controller/Controller.php(491): ReflectionMethod->invokeArgs(Object(TaskaccountsController), Array)
#2 /opt/lampp/htdocs/cakephp/lib/Cake/Routing/Dispatcher.php(193): Controller->invokeAction(Object(CakeRequest))
#3 /opt/lampp/htdocs/cakephp/lib/Cake/Routing/Dispatcher.php(167): Dispatcher->_invoke(Object(TaskaccountsController), Object(CakeRequest))
#4 /opt/lampp/htdocs/cakephp/app/webroot/index.php(110): Dispatcher->dispatch(Object(CakeRequest), Object(CakeResponse))
#5 {main}
2016-09-27 20:01:41 Error: [ParseError] syntax error, unexpected ';', expecting ',' or ')'
Request URL: /cakephp/taskaccounts/add
Stack Trace:
#0 /opt/lampp/htdocs/cakephp/lib/Cake/View/View.php(933): View->_evaluate('/opt/lampp/htdo...', Array)
#1 /opt/lampp/htdocs/cakephp/lib/Cake/View/View.php(473): View->_render('/opt/lampp/htdo...')
#2 /opt/lampp/htdocs/cakephp/lib/Cake/Controller/Controller.php(963): View->render(NULL, NULL)
#3 /opt/lampp/htdocs/cakephp/lib/Cake/Routing/Dispatcher.php(200): Controller->render()
#4 /opt/lampp/htdocs/cakephp/lib/Cake/Routing/Dispatcher.php(167): Dispatcher->_invoke(Object(TaskaccountsController), Object(CakeRequest))
#5 /opt/lampp/htdocs/cakephp/app/webroot/index.php(110): Dispatcher->dispatch(Object(CakeRequest), Object(CakeResponse))
#6 {main}
2016-09-27 20:09:54 Error: [ParseError] syntax error, unexpected '=>' (T_DOUBLE_ARROW), expecting ',' or ')'
Request URL: /cakephp/taskaccounts/view/20
Stack Trace:
#0 /opt/lampp/htdocs/cakephp/lib/Cake/View/View.php(933): View->_evaluate('/opt/lampp/htdo...', Array)
#1 /opt/lampp/htdocs/cakephp/lib/Cake/View/View.php(473): View->_render('/opt/lampp/htdo...')
#2 /opt/lampp/htdocs/cakephp/lib/Cake/Controller/Controller.php(963): View->render(NULL, NULL)
#3 /opt/lampp/htdocs/cakephp/lib/Cake/Routing/Dispatcher.php(200): Controller->render()
#4 /opt/lampp/htdocs/cakephp/lib/Cake/Routing/Dispatcher.php(167): Dispatcher->_invoke(Object(TaskaccountsController), Object(CakeRequest))
#5 /opt/lampp/htdocs/cakephp/app/webroot/index.php(110): Dispatcher->dispatch(Object(CakeRequest), Object(CakeResponse))
#6 {main}
2016-09-27 20:10:18 Error: [ParseError] syntax error, unexpected ')'
Request URL: /cakephp/taskaccounts/view/20
Stack Trace:
#0 /opt/lampp/htdocs/cakephp/lib/Cake/View/View.php(933): View->_evaluate('/opt/lampp/htdo...', Array)
#1 /opt/lampp/htdocs/cakephp/lib/Cake/View/View.php(473): View->_render('/opt/lampp/htdo...')
#2 /opt/lampp/htdocs/cakephp/lib/Cake/Controller/Controller.php(963): View->render(NULL, NULL)
#3 /opt/lampp/htdocs/cakephp/lib/Cake/Routing/Dispatcher.php(200): Controller->render()
#4 /opt/lampp/htdocs/cakephp/lib/Cake/Routing/Dispatcher.php(167): Dispatcher->_invoke(Object(TaskaccountsController), Object(CakeRequest))
#5 /opt/lampp/htdocs/cakephp/app/webroot/index.php(110): Dispatcher->dispatch(Object(CakeRequest), Object(CakeResponse))
#6 {main}
2016-09-27 20:29:49 Error: [ParseError] syntax error, unexpected ''ondblclick'' (T_CONSTANT_ENCAPSED_STRING), expecting ')'
Request URL: /cakephp/tasks/add
Stack Trace:
#0 /opt/lampp/htdocs/cakephp/lib/Cake/View/View.php(933): View->_evaluate('/opt/lampp/htdo...', Array)
#1 /opt/lampp/htdocs/cakephp/lib/Cake/View/View.php(473): View->_render('/opt/lampp/htdo...')
#2 /opt/lampp/htdocs/cakephp/lib/Cake/Controller/Controller.php(963): View->render(NULL, NULL)
#3 /opt/lampp/htdocs/cakephp/lib/Cake/Routing/Dispatcher.php(200): Controller->render()
#4 /opt/lampp/htdocs/cakephp/lib/Cake/Routing/Dispatcher.php(167): Dispatcher->_invoke(Object(TasksController), Object(CakeRequest))
#5 /opt/lampp/htdocs/cakephp/app/webroot/index.php(110): Dispatcher->dispatch(Object(CakeRequest), Object(CakeResponse))
#6 {main}
2016-09-28 17:42:18 Error: [ParseError] syntax error, unexpected 'public' (T_PUBLIC)
Request URL: /cakephp/
Stack Trace:
#0 [internal function]: App::load('PostsController')
#1 [internal function]: spl_autoload_call('PostsController')
#2 /opt/lampp/htdocs/cakephp/lib/Cake/Routing/Dispatcher.php(266): class_exists('PostsController')
#3 /opt/lampp/htdocs/cakephp/lib/Cake/Routing/Dispatcher.php(235): Dispatcher->_loadController(Object(CakeRequest))
#4 /opt/lampp/htdocs/cakephp/lib/Cake/Routing/Dispatcher.php(158): Dispatcher->_getController(Object(CakeRequest), Object(CakeResponse))
#5 /opt/lampp/htdocs/cakephp/app/webroot/index.php(110): Dispatcher->dispatch(Object(CakeRequest), Object(CakeResponse))
#6 {main}
2016-09-28 17:42:28 Error: [ParseError] syntax error, unexpected 'public' (T_PUBLIC)
Request URL: /cakephp/posts
Stack Trace:
#0 [internal function]: App::load('PostsController')
#1 [internal function]: spl_autoload_call('PostsController')
#2 /opt/lampp/htdocs/cakephp/lib/Cake/Routing/Dispatcher.php(266): class_exists('PostsController')
#3 /opt/lampp/htdocs/cakephp/lib/Cake/Routing/Dispatcher.php(235): Dispatcher->_loadController(Object(CakeRequest))
#4 /opt/lampp/htdocs/cakephp/lib/Cake/Routing/Dispatcher.php(158): Dispatcher->_getController(Object(CakeRequest), Object(CakeResponse))
#5 /opt/lampp/htdocs/cakephp/app/webroot/index.php(110): Dispatcher->dispatch(Object(CakeRequest), Object(CakeResponse))
#6 {main}
2016-10-14 17:38:30 Error: [ParseError] syntax error, unexpected 'public' (T_PUBLIC)
Request URL: /cakephp/
Stack Trace:
#0 [internal function]: App::load('PostsController')
#1 [internal function]: spl_autoload_call('PostsController')
#2 /opt/lampp/htdocs/cakephp/lib/Cake/Routing/Dispatcher.php(266): class_exists('PostsController')
#3 /opt/lampp/htdocs/cakephp/lib/Cake/Routing/Dispatcher.php(235): Dispatcher->_loadController(Object(CakeRequest))
#4 /opt/lampp/htdocs/cakephp/lib/Cake/Routing/Dispatcher.php(158): Dispatcher->_getController(Object(CakeRequest), Object(CakeResponse))
#5 /opt/lampp/htdocs/cakephp/app/webroot/index.php(110): Dispatcher->dispatch(Object(CakeRequest), Object(CakeResponse))
#6 {main}
2016-10-14 17:49:04 Error: [MissingControllerException] Controller class SubtaskController could not be found.
Exception Attributes: array (
  'class' => 'SubtaskController',
  'plugin' => NULL,
)
Request URL: /cakephp/subtask/add
Stack Trace:
#0 /opt/lampp/htdocs/cakephp/app/webroot/index.php(110): Dispatcher->dispatch(Object(CakeRequest), Object(CakeResponse))
#1 {main}
2016-10-14 17:51:49 Error: [ParseError] syntax error, unexpected 'public' (T_PUBLIC)
Request URL: /cakephp/
Stack Trace:
#0 [internal function]: App::load('PostsController')
#1 [internal function]: spl_autoload_call('PostsController')
#2 /opt/lampp/htdocs/cakephp/lib/Cake/Routing/Dispatcher.php(266): class_exists('PostsController')
#3 /opt/lampp/htdocs/cakephp/lib/Cake/Routing/Dispatcher.php(235): Dispatcher->_loadController(Object(CakeRequest))
#4 /opt/lampp/htdocs/cakephp/lib/Cake/Routing/Dispatcher.php(158): Dispatcher->_getController(Object(CakeRequest), Object(CakeResponse))
#5 /opt/lampp/htdocs/cakephp/app/webroot/index.php(110): Dispatcher->dispatch(Object(CakeRequest), Object(CakeResponse))
#6 {main}
2016-10-14 18:57:33 Error: [ParseError] syntax error, unexpected 'public' (T_PUBLIC)
Request URL: /cakephp/
Stack Trace:
#0 [internal function]: App::load('PostsController')
#1 [internal function]: spl_autoload_call('PostsController')
#2 /opt/lampp/htdocs/cakephp/lib/Cake/Routing/Dispatcher.php(266): class_exists('PostsController')
#3 /opt/lampp/htdocs/cakephp/lib/Cake/Routing/Dispatcher.php(235): Dispatcher->_loadController(Object(CakeRequest))
#4 /opt/lampp/htdocs/cakephp/lib/Cake/Routing/Dispatcher.php(158): Dispatcher->_getController(Object(CakeRequest), Object(CakeResponse))
#5 /opt/lampp/htdocs/cakephp/app/webroot/index.php(110): Dispatcher->dispatch(Object(CakeRequest), Object(CakeResponse))
#6 {main}
2016-10-14 19:14:26 Error: [ParseError] syntax error, unexpected 'public' (T_PUBLIC)
Request URL: /cakephp/
Stack Trace:
#0 [internal function]: App::load('PostsController')
#1 [internal function]: spl_autoload_call('PostsController')
#2 /opt/lampp/htdocs/cakephp/lib/Cake/Routing/Dispatcher.php(266): class_exists('PostsController')
#3 /opt/lampp/htdocs/cakephp/lib/Cake/Routing/Dispatcher.php(235): Dispatcher->_loadController(Object(CakeRequest))
#4 /opt/lampp/htdocs/cakephp/lib/Cake/Routing/Dispatcher.php(158): Dispatcher->_getController(Object(CakeRequest), Object(CakeResponse))
#5 /opt/lampp/htdocs/cakephp/app/webroot/index.php(110): Dispatcher->dispatch(Object(CakeRequest), Object(CakeResponse))
#6 {main}
2016-10-14 20:04:45 Error: [ParseError] syntax error, unexpected 'public' (T_PUBLIC)
Request URL: /cakephp/
Stack Trace:
#0 [internal function]: App::load('PostsController')
#1 [internal function]: spl_autoload_call('PostsController')
#2 /opt/lampp/htdocs/cakephp/lib/Cake/Routing/Dispatcher.php(266): class_exists('PostsController')
#3 /opt/lampp/htdocs/cakephp/lib/Cake/Routing/Dispatcher.php(235): Dispatcher->_loadController(Object(CakeRequest))
#4 /opt/lampp/htdocs/cakephp/lib/Cake/Routing/Dispatcher.php(158): Dispatcher->_getController(Object(CakeRequest), Object(CakeResponse))
#5 /opt/lampp/htdocs/cakephp/app/webroot/index.php(110): Dispatcher->dispatch(Object(CakeRequest), Object(CakeResponse))
#6 {main}
2016-10-18 15:48:58 Error: [ParseError] syntax error, unexpected 'public' (T_PUBLIC)
Request URL: /cakephp/
Stack Trace:
#0 [internal function]: App::load('PostsController')
#1 [internal function]: spl_autoload_call('PostsController')
#2 /opt/lampp/htdocs/cakephp/lib/Cake/Routing/Dispatcher.php(266): class_exists('PostsController')
#3 /opt/lampp/htdocs/cakephp/lib/Cake/Routing/Dispatcher.php(235): Dispatcher->_loadController(Object(CakeRequest))
#4 /opt/lampp/htdocs/cakephp/lib/Cake/Routing/Dispatcher.php(158): Dispatcher->_getController(Object(CakeRequest), Object(CakeResponse))
#5 /opt/lampp/htdocs/cakephp/app/webroot/index.php(110): Dispatcher->dispatch(Object(CakeRequest), Object(CakeResponse))
#6 {main}
2016-10-18 16:37:51 Error: [ParseError] syntax error, unexpected ''min'' (T_CONSTANT_ENCAPSED_STRING), expecting ')'
Request URL: /cakephp/taskaccounts/add
Stack Trace:
#0 /opt/lampp/htdocs/cakephp/lib/Cake/View/View.php(933): View->_evaluate('/opt/lampp/htdo...', Array)
#1 /opt/lampp/htdocs/cakephp/lib/Cake/View/View.php(473): View->_render('/opt/lampp/htdo...')
#2 /opt/lampp/htdocs/cakephp/lib/Cake/Controller/Controller.php(963): View->render(NULL, NULL)
#3 /opt/lampp/htdocs/cakephp/lib/Cake/Routing/Dispatcher.php(200): Controller->render()
#4 /opt/lampp/htdocs/cakephp/lib/Cake/Routing/Dispatcher.php(167): Dispatcher->_invoke(Object(TaskaccountsController), Object(CakeRequest))
#5 /opt/lampp/htdocs/cakephp/app/webroot/index.php(110): Dispatcher->dispatch(Object(CakeRequest), Object(CakeResponse))
#6 {main}
2016-10-18 17:03:12 Error: [Error] Call to undefined function 32()
Request URL: /cakephp/taskaccounts/view/23
Stack Trace:
#0 /opt/lampp/htdocs/cakephp/lib/Cake/View/View.php(971): include()
#1 /opt/lampp/htdocs/cakephp/lib/Cake/View/View.php(933): View->_evaluate('/opt/lampp/htdo...', Array)
#2 /opt/lampp/htdocs/cakephp/lib/Cake/View/View.php(473): View->_render('/opt/lampp/htdo...')
#3 /opt/lampp/htdocs/cakephp/lib/Cake/Controller/Controller.php(963): View->render(NULL, NULL)
#4 /opt/lampp/htdocs/cakephp/lib/Cake/Routing/Dispatcher.php(200): Controller->render()
#5 /opt/lampp/htdocs/cakephp/lib/Cake/Routing/Dispatcher.php(167): Dispatcher->_invoke(Object(TaskaccountsController), Object(CakeRequest))
#6 /opt/lampp/htdocs/cakephp/app/webroot/index.php(110): Dispatcher->dispatch(Object(CakeRequest), Object(CakeResponse))
#7 {main}
2016-10-18 17:04:21 Error: [ParseError] syntax error, unexpected ''hours'' (T_CONSTANT_ENCAPSED_STRING), expecting ',' or ')'
Request URL: /cakephp/taskaccounts/view/23
Stack Trace:
#0 /opt/lampp/htdocs/cakephp/lib/Cake/View/View.php(933): View->_evaluate('/opt/lampp/htdo...', Array)
#1 /opt/lampp/htdocs/cakephp/lib/Cake/View/View.php(473): View->_render('/opt/lampp/htdo...')
#2 /opt/lampp/htdocs/cakephp/lib/Cake/Controller/Controller.php(963): View->render(NULL, NULL)
#3 /opt/lampp/htdocs/cakephp/lib/Cake/Routing/Dispatcher.php(200): Controller->render()
#4 /opt/lampp/htdocs/cakephp/lib/Cake/Routing/Dispatcher.php(167): Dispatcher->_invoke(Object(TaskaccountsController), Object(CakeRequest))
#5 /opt/lampp/htdocs/cakephp/app/webroot/index.php(110): Dispatcher->dispatch(Object(CakeRequest), Object(CakeResponse))
#6 {main}
2016-10-18 17:49:37 Error: [ParseError] syntax error, unexpected ')', expecting ',' or ';'
Request URL: /cakephp/tasks/add
Stack Trace:
#0 /opt/lampp/htdocs/cakephp/lib/Cake/View/View.php(933): View->_evaluate('/opt/lampp/htdo...', Array)
#1 /opt/lampp/htdocs/cakephp/lib/Cake/View/View.php(473): View->_render('/opt/lampp/htdo...')
#2 /opt/lampp/htdocs/cakephp/lib/Cake/Controller/Controller.php(963): View->render(NULL, NULL)
#3 /opt/lampp/htdocs/cakephp/lib/Cake/Routing/Dispatcher.php(200): Controller->render()
#4 /opt/lampp/htdocs/cakephp/lib/Cake/Routing/Dispatcher.php(167): Dispatcher->_invoke(Object(TasksController), Object(CakeRequest))
#5 /opt/lampp/htdocs/cakephp/app/webroot/index.php(110): Dispatcher->dispatch(Object(CakeRequest), Object(CakeResponse))
#6 {main}
2016-10-18 19:45:37 Error: [ParseError] syntax error, unexpected ''min'' (T_CONSTANT_ENCAPSED_STRING), expecting ')'
Request URL: /cakephp/tasks/edit/3
Stack Trace:
#0 /opt/lampp/htdocs/cakephp/lib/Cake/View/View.php(933): View->_evaluate('/opt/lampp/htdo...', Array)
#1 /opt/lampp/htdocs/cakephp/lib/Cake/View/View.php(473): View->_render('/opt/lampp/htdo...')
#2 /opt/lampp/htdocs/cakephp/lib/Cake/Controller/Controller.php(963): View->render(NULL, NULL)
#3 /opt/lampp/htdocs/cakephp/lib/Cake/Routing/Dispatcher.php(200): Controller->render()
#4 /opt/lampp/htdocs/cakephp/lib/Cake/Routing/Dispatcher.php(167): Dispatcher->_invoke(Object(TasksController), Object(CakeRequest))
#5 /opt/lampp/htdocs/cakephp/app/webroot/index.php(110): Dispatcher->dispatch(Object(CakeRequest), Object(CakeResponse))
#6 {main}
2016-10-20 17:26:20 Error: [ParseError] syntax error, unexpected 'public' (T_PUBLIC)
Request URL: /cakephp/
Stack Trace:
#0 [internal function]: App::load('PostsController')
#1 [internal function]: spl_autoload_call('PostsController')
#2 /opt/lampp/htdocs/cakephp/lib/Cake/Routing/Dispatcher.php(266): class_exists('PostsController')
#3 /opt/lampp/htdocs/cakephp/lib/Cake/Routing/Dispatcher.php(235): Dispatcher->_loadController(Object(CakeRequest))
#4 /opt/lampp/htdocs/cakephp/lib/Cake/Routing/Dispatcher.php(158): Dispatcher->_getController(Object(CakeRequest), Object(CakeResponse))
#5 /opt/lampp/htdocs/cakephp/app/webroot/index.php(110): Dispatcher->dispatch(Object(CakeRequest), Object(CakeResponse))
#6 {main}
